#***************************************************************************

#sjplacer

#Version:            1.1

#Build Date:         Sep 13 2012 13:30:21

#File Generated:     May 12 2017 03:05:07

#Purpose:            

#Copyright (C) 2010-2011 by Softjin Technologies Pvt Ltd. All rights reserved.

#***************************************************************************

Executing : C:\Program Files (x86)\Cypress\PSoC Creator\2.1\PSoC Creator\bin/sjplacer.exe --proj-name carlab_302 --netlist-vh2 carlab_302_p.vh2 --arch-file C:\Program Files (x86)\Cypress\PSoC Creator\2.1\PSoC Creator\dev/psoc3/psoc35_placer.ark --rrg-file C:\Program Files (x86)\Cypress\PSoC Creator\2.1\PSoC Creator\dev/psoc5/psoc5lp/route_arch-rrg.cydata --irq-file C:\Program Files (x86)\Cypress\PSoC Creator\2.1\PSoC Creator\dev/psoc5/psoc5lp/psoc5_lp_irqconn.cydata --drq-file C:\Program Files (x86)\Cypress\PSoC Creator\2.1\PSoC Creator\dev/psoc5/psoc5lp/psoc5_lp_dmaconn.cydata --dsi-conn-file C:\Program Files (x86)\Cypress\PSoC Creator\2.1\PSoC Creator\dev/psoc5/psoc5lp/psoc5_lp_dsiconn.cydata --pins-file PSoC5_PSoC5LP_100-TQFP.xml --lib-file carlab_302_p.lib --sdc-file carlab_302.sdc --io-pcf carlab_302.pci --outdir .

		Softjin Techologies Placer, Version 1.1

Build Date : Sep 13 2012	13:32:44

D2004: Option and Settings Summary
=============================================================
Netlist vh2 file          - carlab_302_p.vh2
Architecture file         - C:\Program Files (x86)\Cypress\PSoC Creator\2.1\PSoC Creator\dev/psoc3/psoc35_placer.ark
Package                   - 
Defparam file             - 
SDC file                  - carlab_302.sdc
Output directory          - .
Timing library            - carlab_302_p.lib
IO Placement file         - carlab_302.pci

D2050: Starting reading inputs for placer
=============================================================
D2065: Reading netlist file : "carlab_302_p.vh2"
D2065: Reading arch file : "C:\Program Files (x86)\Cypress\PSoC Creator\2.1\PSoC Creator\dev/psoc3/psoc35_placer.ark"
D2051: Reading of inputs for placer completed successfully

D2053: Starting placement of the design
=============================================================

Phase 2
Phase 3

Design Statistics after Packing
    Number of Combinational MCs 	:	29
    Number of Sequential MCs    	:	42
    Number of DPs               	:	18
    Number of Controls          	:	8
    Number of Status            	:	8
    Number of SyncCells         	:	0
    Number of count7cells       	:	1

Device Utilization Summary after Packing
    Macrocells                  :	71/192
    UDBS                        :	20/24
    IOs                         :	20/672


D2088: Phase 3, elapsed time : 0.0 (sec)

Phase 4
D2088: Phase 4, elapsed time : 0.0 (sec)

Phase 5
D2088: Phase 5, elapsed time : 0.0 (sec)

Phase 6

######################################################################
Placement Timing Summary

The timing summary is based on estimated routing delays after
placement. For final timing report, please carry out the timing
analysis after routing.
======================================================================

######################################################################
                     Clock Summary 
======================================================================
Number of clocks: 10
Clock: Clock_Infrared       | Frequency:  29.7 MHz | Target:  24.0 MHz
Clock: Clock_Motor          | Frequency:  53.4 MHz | Target:   0.0 MHz
Clock: Clock_Nav            | Frequency: N/A       | Target:   3.0 MHz
Clock: Clock_Servo          | Frequency:  41.7 MHz | Target:   0.1 MHz
Clock: CyBUS_CLK            | Frequency:  40.6 MHz | Target:  24.0 MHz
Clock: CyILO                | Frequency: N/A       | Target:   0.0 MHz
Clock: CyIMO                | Frequency: N/A       | Target:   3.0 MHz
Clock: CyMASTER_CLK         | Frequency: N/A       | Target:  24.0 MHz
Clock: CyPLL_OUT            | Frequency: N/A       | Target:  24.0 MHz
Clock: UART_IntClock        | Frequency:  43.8 MHz | Target:   0.3 MHz

======================================================================
                     End of Clock Summary
######################################################################

D2088: Phase 6, elapsed time : 0.1 (sec)

Phase 7
######################################################################
                     Clock Summary 
======================================================================
Number of clocks: 10
Clock: Clock_Infrared       | Frequency:  29.7 MHz | Target:  24.0 MHz
Clock: Clock_Motor          | Frequency:  53.4 MHz | Target:   0.0 MHz
Clock: Clock_Nav            | Frequency: N/A       | Target:   3.0 MHz
Clock: Clock_Servo          | Frequency:  41.7 MHz | Target:   0.1 MHz
Clock: CyBUS_CLK            | Frequency:   1.2 MHz | Target:  24.0 MHz
Clock: CyILO                | Frequency: N/A       | Target:   0.0 MHz
Clock: CyIMO                | Frequency: N/A       | Target:   3.0 MHz
Clock: CyMASTER_CLK         | Frequency: N/A       | Target:  24.0 MHz
Clock: CyPLL_OUT            | Frequency: N/A       | Target:  24.0 MHz
Clock: UART_IntClock        | Frequency:   1.2 MHz | Target:   0.3 MHz

======================================================================
                     End of Clock Summary
######################################################################
D2088: Phase 7, elapsed time : 2.1 (sec)

Final Design Statistics
    Number of Combinational MCs 	:	29
    Number of Sequential MCs    	:	42
    Number of DPs               	:	18
    Number of Controls          	:	8
    Number of Status            	:	8
    Number of SyncCells         	:	0
    Number of count7cells       	:	1
    Number of IOs       	:	20

Device Utilization Summary
    Macrocells                  :	71/192
    IOs                         :	20/672



######################################################################
Placement Timing Summary

The timing summary is based on estimated routing delays after
placement. For final timing report, please carry out the timing
analysis after routing.
======================================================================


######################################################################
                     Clock Summary 
======================================================================
Number of clocks: 10
Clock: Clock_Infrared       | Frequency:  32.9 MHz | Target:  24.0 MHz
Clock: Clock_Motor          | Frequency:  53.4 MHz | Target:   0.0 MHz
Clock: Clock_Nav            | Frequency: N/A       | Target:   3.0 MHz
Clock: Clock_Servo          | Frequency:  39.8 MHz | Target:   0.1 MHz
Clock: CyBUS_CLK            | Frequency:   1.2 MHz | Target:  24.0 MHz
Clock: CyILO                | Frequency: N/A       | Target:   0.0 MHz
Clock: CyIMO                | Frequency: N/A       | Target:   3.0 MHz
Clock: CyMASTER_CLK         | Frequency: N/A       | Target:  24.0 MHz
Clock: CyPLL_OUT            | Frequency: N/A       | Target:  24.0 MHz
Clock: UART_IntClock        | Frequency:   1.2 MHz | Target:   0.3 MHz

======================================================================
                     End of Clock Summary
######################################################################

Phase 8
D2088: Phase 8, elapsed time : 0.0 (sec)

D2054: Placement of the design completed successfully

I2076: Total run-time: 3.4 sec.

