ARM GAS  C:\Users\dwguo\AppData\Local\Temp\cccZAKjI.s 			page 1


   1              		.syntax unified
   2              		.cpu cortex-m3
   3              		.fpu softvfp
   4              		.eabi_attribute 20, 1
   5              		.eabi_attribute 21, 1
   6              		.eabi_attribute 23, 3
   7              		.eabi_attribute 24, 1
   8              		.eabi_attribute 25, 1
   9              		.eabi_attribute 26, 1
  10              		.eabi_attribute 30, 6
  11              		.eabi_attribute 18, 4
  12              		.thumb
  13              		.file	"Control_Reg.c"
  14              		.section	.debug_abbrev,"",%progbits
  15              	.Ldebug_abbrev0:
  16              		.section	.debug_info,"",%progbits
  17              	.Ldebug_info0:
  18              		.section	.debug_line,"",%progbits
  19              	.Ldebug_line0:
  20 0000 8C000000 		.text
  20      02006400 
  20      00000201 
  20      FB0E0D00 
  20      01010101 
  21              	.Ltext0:
  22              		.cfi_sections	.debug_frame
  23              		.section	.text.Control_Reg_Write,"ax",%progbits
  24              		.align	2
  25              		.global	Control_Reg_Write
  26              		.thumb
  27              		.thumb_func
  28              		.type	Control_Reg_Write, %function
  29              	Control_Reg_Write:
  30              	.LFB0:
  31              		.file 1 ".\\Generated_Source\\PSoC5\\Control_Reg.c"
   1:.\Generated_Source\PSoC5/Control_Reg.c **** /*******************************************************************************
   2:.\Generated_Source\PSoC5/Control_Reg.c **** * File Name: Control_Reg.c  
   3:.\Generated_Source\PSoC5/Control_Reg.c **** * Version 1.70
   4:.\Generated_Source\PSoC5/Control_Reg.c **** *
   5:.\Generated_Source\PSoC5/Control_Reg.c **** * Description:
   6:.\Generated_Source\PSoC5/Control_Reg.c **** *  This file contains API to enable firmware control of a Control Register.
   7:.\Generated_Source\PSoC5/Control_Reg.c **** *
   8:.\Generated_Source\PSoC5/Control_Reg.c **** * Note:
   9:.\Generated_Source\PSoC5/Control_Reg.c **** *
  10:.\Generated_Source\PSoC5/Control_Reg.c **** ********************************************************************************
  11:.\Generated_Source\PSoC5/Control_Reg.c **** * Copyright 2008-2012, Cypress Semiconductor Corporation.  All rights reserved.
  12:.\Generated_Source\PSoC5/Control_Reg.c **** * You may use this file only in accordance with the license, terms, conditions, 
  13:.\Generated_Source\PSoC5/Control_Reg.c **** * disclaimers, and limitations in the end user license agreement accompanying 
  14:.\Generated_Source\PSoC5/Control_Reg.c **** * the software package with which this file was provided.
  15:.\Generated_Source\PSoC5/Control_Reg.c **** *******************************************************************************/
  16:.\Generated_Source\PSoC5/Control_Reg.c **** 
  17:.\Generated_Source\PSoC5/Control_Reg.c **** #include "Control_Reg.h"
  18:.\Generated_Source\PSoC5/Control_Reg.c **** 
  19:.\Generated_Source\PSoC5/Control_Reg.c **** #if !defined(Control_Reg_Sync_ctrl_reg__REMOVED) /* Check for removal by optimization */
  20:.\Generated_Source\PSoC5/Control_Reg.c **** 
  21:.\Generated_Source\PSoC5/Control_Reg.c **** /*******************************************************************************
  22:.\Generated_Source\PSoC5/Control_Reg.c **** * Function Name: Control_Reg_Write
ARM GAS  C:\Users\dwguo\AppData\Local\Temp\cccZAKjI.s 			page 2


  23:.\Generated_Source\PSoC5/Control_Reg.c **** ********************************************************************************
  24:.\Generated_Source\PSoC5/Control_Reg.c **** *
  25:.\Generated_Source\PSoC5/Control_Reg.c **** * Summary:
  26:.\Generated_Source\PSoC5/Control_Reg.c **** *  Write a byte to the Control Register.
  27:.\Generated_Source\PSoC5/Control_Reg.c **** *
  28:.\Generated_Source\PSoC5/Control_Reg.c **** * Parameters:
  29:.\Generated_Source\PSoC5/Control_Reg.c **** *  control:  The value to be assigned to the Control Register.
  30:.\Generated_Source\PSoC5/Control_Reg.c **** *
  31:.\Generated_Source\PSoC5/Control_Reg.c **** * Return:
  32:.\Generated_Source\PSoC5/Control_Reg.c **** *  None.
  33:.\Generated_Source\PSoC5/Control_Reg.c **** *
  34:.\Generated_Source\PSoC5/Control_Reg.c **** *******************************************************************************/
  35:.\Generated_Source\PSoC5/Control_Reg.c **** void Control_Reg_Write(uint8 control) 
  36:.\Generated_Source\PSoC5/Control_Reg.c **** {
  32              		.loc 1 36 0
  33              		.cfi_startproc
  34              		@ args = 0, pretend = 0, frame = 8
  35              		@ frame_needed = 1, uses_anonymous_args = 0
  36              		@ link register save eliminated.
  37 0000 80B4     		push	{r7}
  38              	.LCFI0:
  39              		.cfi_def_cfa_offset 4
  40 0002 83B0     		sub	sp, sp, #12
  41              	.LCFI1:
  42              		.cfi_def_cfa_offset 16
  43 0004 00AF     		add	r7, sp, #0
  44              		.cfi_offset 7, -4
  45              	.LCFI2:
  46              		.cfi_def_cfa_register 7
  47 0006 0346     		mov	r3, r0
  48 0008 FB71     		strb	r3, [r7, #7]
  37:.\Generated_Source\PSoC5/Control_Reg.c ****     Control_Reg_Control = control;
  49              		.loc 1 37 0
  50 000a 46F27943 		movw	r3, #:lower16:1073767545
  51 000e C4F20003 		movt	r3, #:upper16:1073767545
  52 0012 FA79     		ldrb	r2, [r7, #7]
  53 0014 1A70     		strb	r2, [r3, #0]
  38:.\Generated_Source\PSoC5/Control_Reg.c **** }
  54              		.loc 1 38 0
  55 0016 07F10C07 		add	r7, r7, #12
  56 001a BD46     		mov	sp, r7
  57 001c 80BC     		pop	{r7}
  58 001e 7047     		bx	lr
  59              		.cfi_endproc
  60              	.LFE0:
  61              		.size	Control_Reg_Write, .-Control_Reg_Write
  62              		.section	.text.Control_Reg_Read,"ax",%progbits
  63              		.align	2
  64              		.global	Control_Reg_Read
  65              		.thumb
  66              		.thumb_func
  67              		.type	Control_Reg_Read, %function
  68              	Control_Reg_Read:
  69              	.LFB1:
  39:.\Generated_Source\PSoC5/Control_Reg.c **** 
  40:.\Generated_Source\PSoC5/Control_Reg.c **** 
  41:.\Generated_Source\PSoC5/Control_Reg.c **** /*******************************************************************************
ARM GAS  C:\Users\dwguo\AppData\Local\Temp\cccZAKjI.s 			page 3


  42:.\Generated_Source\PSoC5/Control_Reg.c **** * Function Name: Control_Reg_Read
  43:.\Generated_Source\PSoC5/Control_Reg.c **** ********************************************************************************
  44:.\Generated_Source\PSoC5/Control_Reg.c **** *
  45:.\Generated_Source\PSoC5/Control_Reg.c **** * Summary:
  46:.\Generated_Source\PSoC5/Control_Reg.c **** *  Reads the current value assigned to the Control Register.
  47:.\Generated_Source\PSoC5/Control_Reg.c **** *
  48:.\Generated_Source\PSoC5/Control_Reg.c **** * Parameters:
  49:.\Generated_Source\PSoC5/Control_Reg.c **** *  None.
  50:.\Generated_Source\PSoC5/Control_Reg.c **** *
  51:.\Generated_Source\PSoC5/Control_Reg.c **** * Return:
  52:.\Generated_Source\PSoC5/Control_Reg.c **** *  Returns the current value in the Control Register.
  53:.\Generated_Source\PSoC5/Control_Reg.c **** *
  54:.\Generated_Source\PSoC5/Control_Reg.c **** *******************************************************************************/
  55:.\Generated_Source\PSoC5/Control_Reg.c **** uint8 Control_Reg_Read(void) 
  56:.\Generated_Source\PSoC5/Control_Reg.c **** {
  70              		.loc 1 56 0
  71              		.cfi_startproc
  72              		@ args = 0, pretend = 0, frame = 0
  73              		@ frame_needed = 1, uses_anonymous_args = 0
  74              		@ link register save eliminated.
  75 0000 80B4     		push	{r7}
  76              	.LCFI3:
  77              		.cfi_def_cfa_offset 4
  78 0002 00AF     		add	r7, sp, #0
  79              		.cfi_offset 7, -4
  80              	.LCFI4:
  81              		.cfi_def_cfa_register 7
  57:.\Generated_Source\PSoC5/Control_Reg.c ****     return Control_Reg_Control;
  82              		.loc 1 57 0
  83 0004 46F27943 		movw	r3, #:lower16:1073767545
  84 0008 C4F20003 		movt	r3, #:upper16:1073767545
  85 000c 1B78     		ldrb	r3, [r3, #0]
  86 000e DBB2     		uxtb	r3, r3
  58:.\Generated_Source\PSoC5/Control_Reg.c **** }
  87              		.loc 1 58 0
  88 0010 1846     		mov	r0, r3
  89 0012 BD46     		mov	sp, r7
  90 0014 80BC     		pop	{r7}
  91 0016 7047     		bx	lr
  92              		.cfi_endproc
  93              	.LFE1:
  94              		.size	Control_Reg_Read, .-Control_Reg_Read
  95              		.text
  96              	.Letext0:
  97              		.section	.debug_loc,"",%progbits
  98              	.Ldebug_loc0:
  99              	.LLST0:
 100 0000 00000000 		.4byte	.LFB0
 101 0004 02000000 		.4byte	.LCFI0
 102 0008 0100     		.2byte	0x1
 103 000a 5D       		.byte	0x5d
 104 000b 02000000 		.4byte	.LCFI0
 105 000f 04000000 		.4byte	.LCFI1
 106 0013 0200     		.2byte	0x2
 107 0015 7D       		.byte	0x7d
 108 0016 04       		.sleb128 4
 109 0017 04000000 		.4byte	.LCFI1
ARM GAS  C:\Users\dwguo\AppData\Local\Temp\cccZAKjI.s 			page 4


 110 001b 06000000 		.4byte	.LCFI2
 111 001f 0200     		.2byte	0x2
 112 0021 7D       		.byte	0x7d
 113 0022 10       		.sleb128 16
 114 0023 06000000 		.4byte	.LCFI2
 115 0027 20000000 		.4byte	.LFE0
 116 002b 0200     		.2byte	0x2
 117 002d 77       		.byte	0x77
 118 002e 10       		.sleb128 16
 119 002f 00000000 		.4byte	0x0
 120 0033 00000000 		.4byte	0x0
 121              	.LLST1:
 122 0037 00000000 		.4byte	.LFB1
 123 003b 02000000 		.4byte	.LCFI3
 124 003f 0100     		.2byte	0x1
 125 0041 5D       		.byte	0x5d
 126 0042 02000000 		.4byte	.LCFI3
 127 0046 04000000 		.4byte	.LCFI4
 128 004a 0200     		.2byte	0x2
 129 004c 7D       		.byte	0x7d
 130 004d 04       		.sleb128 4
 131 004e 04000000 		.4byte	.LCFI4
 132 0052 18000000 		.4byte	.LFE1
 133 0056 0200     		.2byte	0x2
 134 0058 77       		.byte	0x77
 135 0059 04       		.sleb128 4
 136 005a 00000000 		.4byte	0x0
 137 005e 00000000 		.4byte	0x0
 138              		.file 2 ".\\Generated_Source\\PSoC5\\/cytypes.h"
 139              		.section	.debug_info
 140 0000 BF000000 		.4byte	0xbf
 141 0004 0200     		.2byte	0x2
 142 0006 00000000 		.4byte	.Ldebug_abbrev0
 143 000a 04       		.byte	0x4
 144 000b 01       		.uleb128 0x1
 145 000c E2000000 		.4byte	.LASF10
 146 0010 01       		.byte	0x1
 147 0011 41000000 		.4byte	.LASF11
 148 0015 70000000 		.4byte	.LASF12
 149 0019 00000000 		.4byte	0x0
 150 001d 00000000 		.4byte	0x0
 151 0021 00000000 		.4byte	.Ldebug_ranges0+0x0
 152 0025 00000000 		.4byte	.Ldebug_line0
 153 0029 02       		.uleb128 0x2
 154 002a 01       		.byte	0x1
 155 002b 06       		.byte	0x6
 156 002c 0C010000 		.4byte	.LASF0
 157 0030 02       		.uleb128 0x2
 158 0031 01       		.byte	0x1
 159 0032 08       		.byte	0x8
 160 0033 21000000 		.4byte	.LASF1
 161 0037 02       		.uleb128 0x2
 162 0038 02       		.byte	0x2
 163 0039 05       		.byte	0x5
 164 003a F3000000 		.4byte	.LASF2
 165 003e 02       		.uleb128 0x2
 166 003f 02       		.byte	0x2
ARM GAS  C:\Users\dwguo\AppData\Local\Temp\cccZAKjI.s 			page 5


 167 0040 07       		.byte	0x7
 168 0041 0E000000 		.4byte	.LASF3
 169 0045 02       		.uleb128 0x2
 170 0046 04       		.byte	0x4
 171 0047 05       		.byte	0x5
 172 0048 03010000 		.4byte	.LASF4
 173 004c 02       		.uleb128 0x2
 174 004d 04       		.byte	0x4
 175 004e 07       		.byte	0x7
 176 004f 2F000000 		.4byte	.LASF5
 177 0053 02       		.uleb128 0x2
 178 0054 08       		.byte	0x8
 179 0055 05       		.byte	0x5
 180 0056 00000000 		.4byte	.LASF6
 181 005a 02       		.uleb128 0x2
 182 005b 08       		.byte	0x8
 183 005c 07       		.byte	0x7
 184 005d CB000000 		.4byte	.LASF7
 185 0061 03       		.uleb128 0x3
 186 0062 04       		.byte	0x4
 187 0063 05       		.byte	0x5
 188 0064 696E7400 		.ascii	"int\000"
 189 0068 02       		.uleb128 0x2
 190 0069 04       		.byte	0x4
 191 006a 07       		.byte	0x7
 192 006b BE000000 		.4byte	.LASF8
 193 006f 02       		.uleb128 0x2
 194 0070 01       		.byte	0x1
 195 0071 08       		.byte	0x8
 196 0072 EE000000 		.4byte	.LASF9
 197 0076 04       		.uleb128 0x4
 198 0077 FD000000 		.4byte	.LASF13
 199 007b 02       		.byte	0x2
 200 007c 60       		.byte	0x60
 201 007d 30000000 		.4byte	0x30
 202 0081 05       		.uleb128 0x5
 203 0082 01       		.byte	0x1
 204 0083 18010000 		.4byte	.LASF14
 205 0087 01       		.byte	0x1
 206 0088 23       		.byte	0x23
 207 0089 01       		.byte	0x1
 208 008a 00000000 		.4byte	.LFB0
 209 008e 20000000 		.4byte	.LFE0
 210 0092 00000000 		.4byte	.LLST0
 211 0096 A9000000 		.4byte	0xa9
 212 009a 06       		.uleb128 0x6
 213 009b 68000000 		.4byte	.LASF15
 214 009f 01       		.byte	0x1
 215 00a0 23       		.byte	0x23
 216 00a1 76000000 		.4byte	0x76
 217 00a5 02       		.byte	0x2
 218 00a6 91       		.byte	0x91
 219 00a7 77       		.sleb128 -9
 220 00a8 00       		.byte	0x0
 221 00a9 07       		.uleb128 0x7
 222 00aa 01       		.byte	0x1
 223 00ab AD000000 		.4byte	.LASF16
ARM GAS  C:\Users\dwguo\AppData\Local\Temp\cccZAKjI.s 			page 6


 224 00af 01       		.byte	0x1
 225 00b0 37       		.byte	0x37
 226 00b1 01       		.byte	0x1
 227 00b2 76000000 		.4byte	0x76
 228 00b6 00000000 		.4byte	.LFB1
 229 00ba 18000000 		.4byte	.LFE1
 230 00be 37000000 		.4byte	.LLST1
 231 00c2 00       		.byte	0x0
 232              		.section	.debug_abbrev
 233 0000 01       		.uleb128 0x1
 234 0001 11       		.uleb128 0x11
 235 0002 01       		.byte	0x1
 236 0003 25       		.uleb128 0x25
 237 0004 0E       		.uleb128 0xe
 238 0005 13       		.uleb128 0x13
 239 0006 0B       		.uleb128 0xb
 240 0007 03       		.uleb128 0x3
 241 0008 0E       		.uleb128 0xe
 242 0009 1B       		.uleb128 0x1b
 243 000a 0E       		.uleb128 0xe
 244 000b 11       		.uleb128 0x11
 245 000c 01       		.uleb128 0x1
 246 000d 52       		.uleb128 0x52
 247 000e 01       		.uleb128 0x1
 248 000f 55       		.uleb128 0x55
 249 0010 06       		.uleb128 0x6
 250 0011 10       		.uleb128 0x10
 251 0012 06       		.uleb128 0x6
 252 0013 00       		.byte	0x0
 253 0014 00       		.byte	0x0
 254 0015 02       		.uleb128 0x2
 255 0016 24       		.uleb128 0x24
 256 0017 00       		.byte	0x0
 257 0018 0B       		.uleb128 0xb
 258 0019 0B       		.uleb128 0xb
 259 001a 3E       		.uleb128 0x3e
 260 001b 0B       		.uleb128 0xb
 261 001c 03       		.uleb128 0x3
 262 001d 0E       		.uleb128 0xe
 263 001e 00       		.byte	0x0
 264 001f 00       		.byte	0x0
 265 0020 03       		.uleb128 0x3
 266 0021 24       		.uleb128 0x24
 267 0022 00       		.byte	0x0
 268 0023 0B       		.uleb128 0xb
 269 0024 0B       		.uleb128 0xb
 270 0025 3E       		.uleb128 0x3e
 271 0026 0B       		.uleb128 0xb
 272 0027 03       		.uleb128 0x3
 273 0028 08       		.uleb128 0x8
 274 0029 00       		.byte	0x0
 275 002a 00       		.byte	0x0
 276 002b 04       		.uleb128 0x4
 277 002c 16       		.uleb128 0x16
 278 002d 00       		.byte	0x0
 279 002e 03       		.uleb128 0x3
 280 002f 0E       		.uleb128 0xe
ARM GAS  C:\Users\dwguo\AppData\Local\Temp\cccZAKjI.s 			page 7


 281 0030 3A       		.uleb128 0x3a
 282 0031 0B       		.uleb128 0xb
 283 0032 3B       		.uleb128 0x3b
 284 0033 0B       		.uleb128 0xb
 285 0034 49       		.uleb128 0x49
 286 0035 13       		.uleb128 0x13
 287 0036 00       		.byte	0x0
 288 0037 00       		.byte	0x0
 289 0038 05       		.uleb128 0x5
 290 0039 2E       		.uleb128 0x2e
 291 003a 01       		.byte	0x1
 292 003b 3F       		.uleb128 0x3f
 293 003c 0C       		.uleb128 0xc
 294 003d 03       		.uleb128 0x3
 295 003e 0E       		.uleb128 0xe
 296 003f 3A       		.uleb128 0x3a
 297 0040 0B       		.uleb128 0xb
 298 0041 3B       		.uleb128 0x3b
 299 0042 0B       		.uleb128 0xb
 300 0043 27       		.uleb128 0x27
 301 0044 0C       		.uleb128 0xc
 302 0045 11       		.uleb128 0x11
 303 0046 01       		.uleb128 0x1
 304 0047 12       		.uleb128 0x12
 305 0048 01       		.uleb128 0x1
 306 0049 40       		.uleb128 0x40
 307 004a 06       		.uleb128 0x6
 308 004b 01       		.uleb128 0x1
 309 004c 13       		.uleb128 0x13
 310 004d 00       		.byte	0x0
 311 004e 00       		.byte	0x0
 312 004f 06       		.uleb128 0x6
 313 0050 05       		.uleb128 0x5
 314 0051 00       		.byte	0x0
 315 0052 03       		.uleb128 0x3
 316 0053 0E       		.uleb128 0xe
 317 0054 3A       		.uleb128 0x3a
 318 0055 0B       		.uleb128 0xb
 319 0056 3B       		.uleb128 0x3b
 320 0057 0B       		.uleb128 0xb
 321 0058 49       		.uleb128 0x49
 322 0059 13       		.uleb128 0x13
 323 005a 02       		.uleb128 0x2
 324 005b 0A       		.uleb128 0xa
 325 005c 00       		.byte	0x0
 326 005d 00       		.byte	0x0
 327 005e 07       		.uleb128 0x7
 328 005f 2E       		.uleb128 0x2e
 329 0060 00       		.byte	0x0
 330 0061 3F       		.uleb128 0x3f
 331 0062 0C       		.uleb128 0xc
 332 0063 03       		.uleb128 0x3
 333 0064 0E       		.uleb128 0xe
 334 0065 3A       		.uleb128 0x3a
 335 0066 0B       		.uleb128 0xb
 336 0067 3B       		.uleb128 0x3b
 337 0068 0B       		.uleb128 0xb
ARM GAS  C:\Users\dwguo\AppData\Local\Temp\cccZAKjI.s 			page 8


 338 0069 27       		.uleb128 0x27
 339 006a 0C       		.uleb128 0xc
 340 006b 49       		.uleb128 0x49
 341 006c 13       		.uleb128 0x13
 342 006d 11       		.uleb128 0x11
 343 006e 01       		.uleb128 0x1
 344 006f 12       		.uleb128 0x12
 345 0070 01       		.uleb128 0x1
 346 0071 40       		.uleb128 0x40
 347 0072 06       		.uleb128 0x6
 348 0073 00       		.byte	0x0
 349 0074 00       		.byte	0x0
 350 0075 00       		.byte	0x0
 351              		.section	.debug_pubnames,"",%progbits
 352 0000 39000000 		.4byte	0x39
 353 0004 0200     		.2byte	0x2
 354 0006 00000000 		.4byte	.Ldebug_info0
 355 000a C3000000 		.4byte	0xc3
 356 000e 81000000 		.4byte	0x81
 357 0012 436F6E74 		.ascii	"Control_Reg_Write\000"
 357      726F6C5F 
 357      5265675F 
 357      57726974 
 357      6500
 358 0024 A9000000 		.4byte	0xa9
 359 0028 436F6E74 		.ascii	"Control_Reg_Read\000"
 359      726F6C5F 
 359      5265675F 
 359      52656164 
 359      00
 360 0039 00000000 		.4byte	0x0
 361              		.section	.debug_aranges,"",%progbits
 362 0000 24000000 		.4byte	0x24
 363 0004 0200     		.2byte	0x2
 364 0006 00000000 		.4byte	.Ldebug_info0
 365 000a 04       		.byte	0x4
 366 000b 00       		.byte	0x0
 367 000c 0000     		.2byte	0x0
 368 000e 0000     		.2byte	0x0
 369 0010 00000000 		.4byte	.LFB0
 370 0014 20000000 		.4byte	.LFE0-.LFB0
 371 0018 00000000 		.4byte	.LFB1
 372 001c 18000000 		.4byte	.LFE1-.LFB1
 373 0020 00000000 		.4byte	0x0
 374 0024 00000000 		.4byte	0x0
 375              		.section	.debug_ranges,"",%progbits
 376              	.Ldebug_ranges0:
 377 0000 00000000 		.4byte	.Ltext0
 378 0004 00000000 		.4byte	.Letext0
 379 0008 00000000 		.4byte	.LFB0
 380 000c 20000000 		.4byte	.LFE0
 381 0010 00000000 		.4byte	.LFB1
 382 0014 18000000 		.4byte	.LFE1
 383 0018 00000000 		.4byte	0x0
 384 001c 00000000 		.4byte	0x0
 385              		.section	.debug_str,"MS",%progbits,1
 386              	.LASF6:
ARM GAS  C:\Users\dwguo\AppData\Local\Temp\cccZAKjI.s 			page 9


 387 0000 6C6F6E67 		.ascii	"long long int\000"
 387      206C6F6E 
 387      6720696E 
 387      7400
 388              	.LASF3:
 389 000e 73686F72 		.ascii	"short unsigned int\000"
 389      7420756E 
 389      7369676E 
 389      65642069 
 389      6E7400
 390              	.LASF1:
 391 0021 756E7369 		.ascii	"unsigned char\000"
 391      676E6564 
 391      20636861 
 391      7200
 392              	.LASF5:
 393 002f 6C6F6E67 		.ascii	"long unsigned int\000"
 393      20756E73 
 393      69676E65 
 393      6420696E 
 393      7400
 394              	.LASF11:
 395 0041 2E5C4765 		.ascii	".\\Generated_Source\\PSoC5\\Control_Reg.c\000"
 395      6E657261 
 395      7465645F 
 395      536F7572 
 395      63655C50 
 396              	.LASF15:
 397 0068 636F6E74 		.ascii	"control\000"
 397      726F6C00 
 398              	.LASF12:
 399 0070 433A5C55 		.ascii	"C:\\Users\\Public\\Documents\\Carlab\\carlab_302\\c"
 399      73657273 
 399      5C507562 
 399      6C69635C 
 399      446F6375 
 400 009d 61726C61 		.ascii	"arlab_302.cydsn\000"
 400      625F3330 
 400      322E6379 
 400      64736E00 
 401              	.LASF16:
 402 00ad 436F6E74 		.ascii	"Control_Reg_Read\000"
 402      726F6C5F 
 402      5265675F 
 402      52656164 
 402      00
 403              	.LASF8:
 404 00be 756E7369 		.ascii	"unsigned int\000"
 404      676E6564 
 404      20696E74 
 404      00
 405              	.LASF7:
 406 00cb 6C6F6E67 		.ascii	"long long unsigned int\000"
 406      206C6F6E 
 406      6720756E 
 406      7369676E 
 406      65642069 
ARM GAS  C:\Users\dwguo\AppData\Local\Temp\cccZAKjI.s 			page 10


 407              	.LASF10:
 408 00e2 474E5520 		.ascii	"GNU C 4.4.1\000"
 408      4320342E 
 408      342E3100 
 409              	.LASF9:
 410 00ee 63686172 		.ascii	"char\000"
 410      00
 411              	.LASF2:
 412 00f3 73686F72 		.ascii	"short int\000"
 412      7420696E 
 412      7400
 413              	.LASF13:
 414 00fd 75696E74 		.ascii	"uint8\000"
 414      3800
 415              	.LASF4:
 416 0103 6C6F6E67 		.ascii	"long int\000"
 416      20696E74 
 416      00
 417              	.LASF0:
 418 010c 7369676E 		.ascii	"signed char\000"
 418      65642063 
 418      68617200 
 419              	.LASF14:
 420 0118 436F6E74 		.ascii	"Control_Reg_Write\000"
 420      726F6C5F 
 420      5265675F 
 420      57726974 
 420      6500
 421              		.ident	"GCC: (Sourcery G++ Lite 2010q1-188) 4.4.1"
