--------------- Build Started: 02/24/2017 20:35:31 Project: carlab_302, Configuration: DP8051 Keil 9.03 Debug ---------------
cydsfit.exe "-.appdatapath" "C:\Users\dwguo\AppData\Local\Cypress Semiconductor\PSoC Creator\2.1" "-.fdsnotice" "-.fdswarpdepfile=warp_dependencies.txt" "-.fdselabdepfile=elab_dependencies.txt" "-.fdsbldfile=generated_files.txt" "-p" "\\Files\dwguo\PSoC Creator\carlab_302\carlab_302.cydsn\carlab_302.cyprj" "-d" "CY8C3866AXI-035" "-s" "\\Files\dwguo\PSoC Creator\carlab_302\carlab_302.cydsn\Generated_Source\PSoC3" "--" "-yv2" "-v3" "-ygs" "-q10" "-o2" "-.fftcfgtype=BE"
Elaborating Design...
HDL Generation ...
Synthesis ...
Place and Route ...
Tech mapping ...
Info: mpr.M0037: Unused pieces of the design have been optimized out. See the Tech mapping section of the report file for details. (App=cydsfit)
Analog Placement ...
Analog Routing ...
Analog Code Generation ...
Digital Placement ...
Digital Routing ...
Bitstream Generation ...
Static timing analysis ...
API Generation ...
Dependency Generation ...
Clean Temporary Files ...
c51.exe .\main.c NOIV LARGE MODDP2 OMF2 VB(1) PR(.\DP8051\DP8051_Keil_903\Debug\main.lst) CD DB NOIP "OT(2, Size)" INCDIR(Generated_Source\PSoC3) OJ(.\DP8051\DP8051_Keil_903\Debug\main.obj)
c51.exe .\Generated_Source\PSoC3\PWM.c NOIV LARGE MODDP2 OMF2 VB(1) PR(.\DP8051\DP8051_Keil_903\Debug\PWM.lst) CD DB NOIP "OT(2, Size)" INCDIR(Generated_Source\PSoC3) OJ(.\DP8051\DP8051_Keil_903\Debug\PWM.obj)
c51.exe .\Generated_Source\PSoC3\PWM_PM.c NOIV LARGE MODDP2 OMF2 VB(1) PR(.\DP8051\DP8051_Keil_903\Debug\PWM_PM.lst) CD DB NOIP "OT(2, Size)" INCDIR(Generated_Source\PSoC3) OJ(.\DP8051\DP8051_Keil_903\Debug\PWM_PM.obj)
c51.exe .\Generated_Source\PSoC3\Pin_1.c NOIV LARGE MODDP2 OMF2 VB(1) PR(.\DP8051\DP8051_Keil_903\Debug\Pin_1.lst) CD DB NOIP "OT(2, Size)" INCDIR(Generated_Source\PSoC3) OJ(.\DP8051\DP8051_Keil_903\Debug\Pin_1.obj)
c51.exe .\Generated_Source\PSoC3\Clock_1.c NOIV LARGE MODDP2 OMF2 VB(1) PR(.\DP8051\DP8051_Keil_903\Debug\Clock_1.lst) CD DB NOIP "OT(2, Size)" INCDIR(Generated_Source\PSoC3) OJ(.\DP8051\DP8051_Keil_903\Debug\Clock_1.obj)
c51.exe .\Generated_Source\PSoC3\Pin_2.c NOIV LARGE MODDP2 OMF2 VB(1) PR(.\DP8051\DP8051_Keil_903\Debug\Pin_2.lst) CD DB NOIP "OT(2, Size)" INCDIR(Generated_Source\PSoC3) OJ(.\DP8051\DP8051_Keil_903\Debug\Pin_2.obj)
c51.exe .\Generated_Source\PSoC3\inter_1.c NOIV LARGE MODDP2 OMF2 VB(1) PR(.\DP8051\DP8051_Keil_903\Debug\inter_1.lst) CD DB NOIP "OT(2, Size)" INCDIR(Generated_Source\PSoC3) OJ(.\DP8051\DP8051_Keil_903\Debug\inter_1.obj)
c51.exe .\Generated_Source\PSoC3\LCD.c NOIV LARGE MODDP2 OMF2 VB(1) PR(.\DP8051\DP8051_Keil_903\Debug\LCD.lst) CD DB NOIP "OT(2, Size)" INCDIR(Generated_Source\PSoC3) OJ(.\DP8051\DP8051_Keil_903\Debug\LCD.obj)
c51.exe .\Generated_Source\PSoC3\LCD_PM.c NOIV LARGE MODDP2 OMF2 VB(1) PR(.\DP8051\DP8051_Keil_903\Debug\LCD_PM.lst) CD DB NOIP "OT(2, Size)" INCDIR(Generated_Source\PSoC3) OJ(.\DP8051\DP8051_Keil_903\Debug\LCD_PM.obj)
c51.exe .\Generated_Source\PSoC3\LCD_LCDPort.c NOIV LARGE MODDP2 OMF2 VB(1) PR(.\DP8051\DP8051_Keil_903\Debug\LCD_LCDPort.lst) CD DB NOIP "OT(2, Size)" INCDIR(Generated_Source\PSoC3) OJ(.\DP8051\DP8051_Keil_903\Debug\LCD_LCDPort.obj)
Ax51.exe .\Generated_Source\PSoC3\CyBootAsmKeil.a51 NOCO MACRO DB PR(.\DP8051\DP8051_Keil_903\Debug/CyBootAsmKeil.lst) CASE EP INCDIR(Generated_Source\PSoC3) OJ(.\DP8051\DP8051_Keil_903\Debug\CyBootAsmKeil.obj)
c51.exe .\Generated_Source\PSoC3\CyDmac.c NOIV LARGE MODDP2 OMF2 VB(1) PR(.\DP8051\DP8051_Keil_903\Debug\CyDmac.lst) CD DB NOIP "OT(2, Size)" INCDIR(Generated_Source\PSoC3) OJ(.\DP8051\DP8051_Keil_903\Debug\CyDmac.obj)
c51.exe .\Generated_Source\PSoC3\CyFlash.c NOIV LARGE MODDP2 OMF2 VB(1) PR(.\DP8051\DP8051_Keil_903\Debug\CyFlash.lst) CD DB NOIP "OT(2, Size)" INCDIR(Generated_Source\PSoC3) OJ(.\DP8051\DP8051_Keil_903\Debug\CyFlash.obj)
c51.exe .\Generated_Source\PSoC3\CyLib.c NOIV LARGE MODDP2 OMF2 VB(1) PR(.\DP8051\DP8051_Keil_903\Debug\CyLib.lst) CD DB NOIP "OT(2, Size)" INCDIR(Generated_Source\PSoC3) OJ(.\DP8051\DP8051_Keil_903\Debug\CyLib.obj)
Ax51.exe .\Generated_Source\PSoC3\cymem.a51 NOCO MACRO DB PR(.\DP8051\DP8051_Keil_903\Debug/cymem.lst) CASE EP INCDIR(Generated_Source\PSoC3) OJ(.\DP8051\DP8051_Keil_903\Debug\cymem.obj)
c51.exe .\Generated_Source\PSoC3\cyPm.c NOIV LARGE MODDP2 OMF2 VB(1) PR(.\DP8051\DP8051_Keil_903\Debug\cyPm.lst) CD DB NOIP "OT(2, Size)" INCDIR(Generated_Source\PSoC3) OJ(.\DP8051\DP8051_Keil_903\Debug\cyPm.obj)
c51.exe .\Generated_Source\PSoC3\CySpc.c NOIV LARGE MODDP2 OMF2 VB(1) PR(.\DP8051\DP8051_Keil_903\Debug\CySpc.lst) CD DB NOIP "OT(2, Size)" INCDIR(Generated_Source\PSoC3) OJ(.\DP8051\DP8051_Keil_903\Debug\CySpc.obj)
c51.exe .\Generated_Source\PSoC3\cyutils.c NOIV LARGE MODDP2 OMF2 VB(1) PR(.\DP8051\DP8051_Keil_903\Debug\cyutils.lst) CD DB NOIP "OT(2, Size)" INCDIR(Generated_Source\PSoC3) OJ(.\DP8051\DP8051_Keil_903\Debug\cyutils.obj)
Ax51.exe .\Generated_Source\PSoC3\KeilStart.a51 NOCO MACRO DB PR(.\DP8051\DP8051_Keil_903\Debug/KeilStart.lst) CASE EP INCDIR(Generated_Source\PSoC3) OJ(.\DP8051\DP8051_Keil_903\Debug\KeilStart.obj)
c51.exe .\Generated_Source\PSoC3\cyfitter_cfg.c NOIV LARGE MODDP2 OMF2 VB(1) PR(.\DP8051\DP8051_Keil_903\Debug\cyfitter_cfg.lst) CD DB NOIP "OT(2, Size)" INCDIR(Generated_Source\PSoC3) OJ(.\DP8051\DP8051_Keil_903\Debug\cyfitter_cfg.obj)
LIBX51.exe TRANSFER '.\DP8051\DP8051_Keil_903\Debug\PWM.obj', '.\DP8051\DP8051_Keil_903\Debug\PWM_PM.obj', '.\DP8051\DP8051_Keil_903\Debug\Pin_1.obj', '.\DP8051\DP8051_Keil_903\Debug\Clock_1.obj', '.\DP8051\DP8051_Keil_903\Debug\Pin_2.obj', '.\DP8051\DP8051_Keil_903\Debug\inter_1.obj', '.\DP8051\DP8051_Keil_903\Debug\LCD.obj', '.\DP8051\DP8051_Keil_903\Debug\LCD_PM.obj', '.\DP8051\DP8051_Keil_903\Debug\LCD_LCDPort.obj', '.\DP8051\DP8051_Keil_903\Debug\CyBootAsmKeil.obj', '.\DP8051\DP8051_Keil_903\Debug\CyDmac.obj', '.\DP8051\DP8051_Keil_903\Debug\CyFlash.obj', '.\DP8051\DP8051_Keil_903\Debug\CyLib.obj', '.\DP8051\DP8051_Keil_903\Debug\cymem.obj', '.\DP8051\DP8051_Keil_903\Debug\cyPm.obj', '.\DP8051\DP8051_Keil_903\Debug\CySpc.obj', '.\DP8051\DP8051_Keil_903\Debug\cyutils.obj', '.\DP8051\DP8051_Keil_903\Debug\KeilStart.obj', '.\DP8051\DP8051_Keil_903\Debug\cyfitter_cfg.obj' TO '.\DP8051\DP8051_Keil_903\Debug\carlab_302.lib'
LX51.exe '.\DP8051\DP8051_Keil_903\Debug\main.obj', '.\DP8051\DP8051_Keil_903\Debug\carlab_302.lib', 'C:\Program Files (x86)\Cypress\PSoC Creator\2.1\PSoC Creator\psoc\content\cycomponentlibrary\CyComponentLibrary.cylib\DP8051\DP8051_Keil_903\Debug\CyComponentLibrary.lib'  TO '.\DP8051\DP8051_Keil_903\Debug\carlab_302.omf' PR(.\DP8051\DP8051_Keil_903\Debug\carlab_302.map) IX CODE DW(16) RU CL(XDATA(X:0x0000-X:0x1FFF)) CL(CODE(C:0x0000-C:0xFFFF)) CL(CONST(C:0x0000-C:0xFFFF))
*** WARNING L15: MULTIPLE CALL TO FUNCTION
    NAME:    _PWM_WRITECOMPARE/PWM
    CALLER1: INTER/MAIN
    CALLER2: ?C_C51STARTUP
*** WARNING L15: MULTIPLE CALL TO FUNCTION
    NAME:    _LCD_WRCNTRLNIB/LCD
    CALLER1: INTER/MAIN
    CALLER2: ?C_C51STARTUP
*** WARNING L15: MULTIPLE CALL TO FUNCTION
    NAME:    _LCD_WRITECONTROL/LCD
    CALLER1: INTER/MAIN
    CALLER2: ?C_C51STARTUP
*** WARNING L15: MULTIPLE CALL TO FUNCTION
    NAME:    LCD_ISREADY/LCD
    CALLER1: INTER/MAIN
    CALLER2: ?C_C51STARTUP
*** WARNING L15: MULTIPLE CALL TO FUNCTION
    NAME:    _LCD_POSITION/LCD
    CALLER1: INTER/MAIN
    CALLER2: ?C_C51STARTUP
Program Size: data=14.0 xdata=105 const=50 code=3710
OHx51.exe carlab_302.omf HEXFILE(carlab_302.ihx)
c8051-elf-omf2elf.exe carlab_302.omf carlab_302.elf
cyhextool -o .\DP8051\DP8051_Keil_903\Debug\carlab_302.hex -f .\DP8051\DP8051_Keil_903\Debug\carlab_302.ihx -prot .\Generated_Source\PSoC3\protect.hex -id 1E023069 -a EEPROM=90200000:800,PROGRAM=00000000:10000,CONFIG=80000000:2000,PROTECT=90400000:40 -meta 0301 -cunv 00000005 -wonv AFAC90BC -ecc .\Generated_Source\PSoC3\config.hex
Flash used: 3760 of 65536 bytes (5.7 %).
SRAM used: 105 of 8192 bytes (1.3 %).
--------------- Build Succeeded: 02/24/2017 20:37:03 ---------------
