C51 COMPILER V9.03   CYFLASH                                                               02/24/2017 20:36:33 PAGE 1   


C51 COMPILER V9.03, COMPILATION OF MODULE CYFLASH
OBJECT MODULE PLACED IN .\DP8051\DP8051_Keil_903\Debug\CyFlash.obj
COMPILER INVOKED BY: C:\Program Files (x86)\Cypress\PSoC Creator\2.1\PSoC Creator\import\keil\pk51\9.03\C51\BIN\c51.exe 
                    -.\Generated_Source\PSoC3\CyFlash.c NOIV LARGE MODDP2 OMF2 VB(1) PR(.\DP8051\DP8051_Keil_903\Debug\CyFlash.lst) CD DB NOI
                    -P OT(2,SIZE) INCDIR(Generated_Source\PSoC3) OJ(.\DP8051\DP8051_Keil_903\Debug\CyFlash.obj)

line level    source

   1          /*******************************************************************************
   2          * File Name: CyFlash.c
   3          * Version 3.20
   4          *
   5          *  Description:
   6          *   Provides an API for the FLASH/EEPROM.
   7          *
   8          *  Note:
   9          *   This code is endian agnostic.
  10          *
  11          *  Note:
  12          *   Documentation of the API's in this file is located in the
  13          *   System Reference Guide provided with PSoC Creator.
  14          *
  15          ********************************************************************************
  16          * Copyright 2008-2012, Cypress Semiconductor Corporation. All rights reserved.
  17          * You may use this file only in accordance with the license, terms, conditions,
  18          * disclaimers, and limitations in the end user license agreement accompanying
  19          * the software package with which this file was provided.
  20          *******************************************************************************/
  21          
  22          #include "CyFlash.h"
  23          
  24          
  25          /*******************************************************************************
  26          * Holds die temperature, updated by CySetTemp(). Used for flash writting.
  27          * The first byte is the sign of the temperature (0 = negative, 1 = positive).
  28          * The second byte is the magnitude.
  29          *******************************************************************************/
  30          uint8 dieTemperature[CY_FLASH_DIE_TEMP_DATA_SIZE];
  31          
  32          #if(CYDEV_ECC_ENABLE == 0)
  33              static uint8 * rowBuffer = 0;
  34          #endif  /* (CYDEV_ECC_ENABLE == 0) */
  35          
  36          
  37          /*******************************************************************************
  38          * Function Name: CyFlash_Start
  39          ********************************************************************************
  40          *
  41          * Summary:
  42          *  Enable the EEPROM/Flash.
  43          *
  44          *  Note: For PSoC 5, this will enable both Flash and EEPROM. For PSoC 3 and
  45          *  PSOC 5LP  this will enable only Flash.
  46          *
  47          * Parameters:
  48          *  None
  49          *
  50          * Return:
  51          *  None
  52          *
  53          *******************************************************************************/
C51 COMPILER V9.03   CYFLASH                                                               02/24/2017 20:36:33 PAGE 2   

  54          void CyFlash_Start(void) 
  55          {
  56   1          #if(CY_PSOC5A)
              
                      /* Active Power Mode */
                      *PM_ACT_EEFLASH |= PM_FLASH_EE_MASK;
              
                      /* Standby Power Mode */
                      *PM_STBY_EEFLASH |= PM_FLASH_EE_MASK;
              
                  #endif  /* (CY_PSOC5A) */
  65   1      
  66   1          #if(CY_PSOC3 || CY_PSOC5LP)
  67   1      
  68   1              /* Active Power Mode */
  69   1              *PM_ACT_FLASH_PTR |= PM_FLASH_MASK;
  70   1      
  71   1              /* Standby Power Mode */
  72   1              *PM_STBY_FLASH_PTR |= PM_FLASH_MASK;
  73   1      
  74   1          #endif  /* (CY_PSOC3 || CY_PSOC5LP) */
  75   1          
  76   1          CyDelayUs(CY_FLASH_EE_STARTUP_DELAY);
  77   1      }
  78          
  79          
  80          /*******************************************************************************
  81          * Function Name: CyFlash_Stop
  82          ********************************************************************************
  83          *
  84          * Summary:
  85          *  Disable the EEPROM/Flash.
  86          *
  87          *  Note:
  88          *  PSoC5 ES1:        disable both Flash and EEPROM.
  89          *  PSoC3 ES3/PSOC5A: disable only Flash.
  90          *
  91          * Parameters:
  92          *  None
  93          *
  94          * Return:
  95          *  None
  96          *
  97          * Side Effects:
  98          *  This setting is ignored as long as the CPU is currently running.  This will
  99          *  only take effect when the CPU is later disabled.
 100          *
 101          *******************************************************************************/
 102          void CyFlash_Stop(void) 
 103          {
 104   1          #if (CY_PSOC5A)
              
                      /* Active Power Mode */
                      *PM_ACT_EEFLASH &= ~PM_FLASH_EE_MASK;
              
                      /* Standby Power Mode */
                      *PM_STBY_EEFLASH &= ~PM_FLASH_EE_MASK;
              
                  #endif  /* (CY_PSOC5A) */
 113   1      
 114   1          #if (CY_PSOC3 || CY_PSOC5LP)
 115   1      
C51 COMPILER V9.03   CYFLASH                                                               02/24/2017 20:36:33 PAGE 3   

 116   1              /* Active Power Mode */
 117   1              *PM_ACT_FLASH_PTR &= ~PM_FLASH_MASK;
 118   1      
 119   1              /* Standby Power Mode */
 120   1              *PM_STBY_FLASH_PTR &= ~PM_FLASH_MASK;
 121   1      
 122   1          #endif  /* (CY_PSOC3 || CY_PSOC5LP) */
 123   1      }
 124          
 125          
 126          /*******************************************************************************
 127          * Function Name: CySetTempInt
 128          ********************************************************************************
 129          *
 130          * Summary:
 131          *  Sends a command to the SPC to read the die temperature. Sets a global value
 132          *  used by the Write functions. This function must be called once before
 133          *  executing a series of Flash writing functions.
 134          *
 135          * Parameters:
 136          *  None
 137          *
 138          * Return:
 139          *  status:
 140          *   CYRET_SUCCESS - if successful
 141          *   CYRET_LOCKED  - if Flash writing already in use
 142          *   CYRET_UNKNOWN - if there was an SPC error
 143          *
 144          *******************************************************************************/
 145          cystatus CySetTempInt(void) 
 146          {
 147   1          cystatus status;
 148   1      
 149   1          /* Make sure SPC is powered */
 150   1          CySpcStart();
 151   1      
 152   1          /* Plan for failure. */
 153   1          status = CYRET_UNKNOWN;
 154   1      
 155   1          if(CySpcLock() == CYRET_SUCCESS)
 156   1          {
 157   2              /* Write the command. */
 158   2              #if(CY_PSOC5A)
                          if(CYRET_STARTED == CySpcGetTemp(TEMP_NUMBER_OF_SAMPLES, TEMP_TIMER_PERIOD, TEMP_CLK_DIV_SELEC
             -T))
                      #else
 161   2                  if(CYRET_STARTED == CySpcGetTemp(TEMP_NUMBER_OF_SAMPLES))
 162   2              #endif  /* (CY_PSOC5A) */
 163   2                  {
 164   3                      do
 165   3                      {
 166   4                          if(CySpcReadData(dieTemperature, CY_FLASH_DIE_TEMP_DATA_SIZE) == CY_FLASH_DIE_TEMP_DAT
             -A_SIZE)
 167   4                          {
 168   5                              status = CYRET_SUCCESS;
 169   5      
 170   5                              while(CY_SPC_BUSY)
 171   5                              {
 172   6                                  /* Spin until idle. */
 173   6                                  CyDelayUs(1u);
 174   6                              }
 175   5                              break;
C51 COMPILER V9.03   CYFLASH                                                               02/24/2017 20:36:33 PAGE 4   

 176   5                          }
 177   4      
 178   4                      } while(CY_SPC_BUSY);
 179   3                  }
 180   2      
 181   2                  CySpcUnlock();
 182   2          }
 183   1          else
 184   1          {
 185   2              status = CYRET_LOCKED;
 186   2          }
 187   1      
 188   1          return (status);
 189   1      }
 190          
 191          
 192          /*******************************************************************************
 193          * Function Name: CySetTemp
 194          ********************************************************************************
 195          *
 196          * Summary:
 197          *  This is a wraparound for CySetTempInt(). It is used to return second
 198          *  successful read of temperature value.
 199          *
 200          * Parameters:
 201          *  None
 202          *
 203          * Return:
 204          *  status:
 205          *   CYRET_SUCCESS if successful.
 206          *   CYRET_LOCKED  if Flash writing already in use
 207          *   CYRET_UNKNOWN if there was an SPC error.
 208          *
 209          *  uint8 dieTemperature[2]:
 210          *   Holds die temperature for the flash writting algorithm. The first byte is
 211          *   the sign of the temperature (0 = negative, 1 = positive). The second byte is
 212          *   the magnitude.
 213          *
 214          *******************************************************************************/
 215          cystatus CySetTemp(void) 
 216          {
 217   1          cystatus status = CySetTempInt();
 218   1      
 219   1          if(status == CYRET_SUCCESS)
 220   1          {
 221   2              status = CySetTempInt();
 222   2          }
 223   1      
 224   1          return (status);
 225   1      }
 226          
 227          
 228          /*******************************************************************************
 229          * Function Name: CySetFlashEEBuffer
 230          ********************************************************************************
 231          *
 232          * Summary:
 233          *  Sets the user supplied temporary buffer to store SPC data while performing
 234          *  flash and EEPROM commands. This buffer is only necessary when Flash ECC is
 235          *  disabled.
 236          *
 237          * Parameters:
C51 COMPILER V9.03   CYFLASH                                                               02/24/2017 20:36:33 PAGE 5   

 238          *  buffer:
 239          *   Address of block of memory to store temporary memory. The size of the block
 240          *   of memory is CYDEV_FLS_ROW_SIZE + CYDEV_ECC_ROW_SIZE.
 241          *
 242          * Return:
 243          *  status:
 244          *   CYRET_SUCCESS if successful.
 245          *   CYRET_BAD_PARAM if the buffer is NULL
 246          *
 247          *******************************************************************************/
 248          cystatus CySetFlashEEBuffer(uint8 * buffer) 
 249          {
 250   1          cystatus status = CYRET_SUCCESS;
 251   1      
 252   1          CySpcStart();
 253   1      
 254   1          #if(CYDEV_ECC_ENABLE == 0)
 255   1      
 256   1              if(NULL == buffer)
 257   1              {
 258   2                  status = CYRET_BAD_PARAM;
 259   2              }
 260   1              else if(CySpcLock() != CYRET_SUCCESS)
 261   1              {
 262   2                  status = CYRET_LOCKED;
 263   2              }
 264   1              else
 265   1              {
 266   2                  rowBuffer = buffer;
 267   2                  CySpcUnlock();
 268   2              }
 269   1      
 270   1          #else
              
                      /* To supress the warning */
                      buffer = buffer;
              
                  #endif  /* (CYDEV_ECC_ENABLE == 0u) */
 276   1      
 277   1          return(status);
 278   1      }
 279          
 280          
 281          #if(CYDEV_ECC_ENABLE == 1)
              
                  /*******************************************************************************
                  * Function Name: CyWriteRowData
                  ********************************************************************************
                  *
                  * Summary:
                  *   Sends a command to the SPC to load and program a row of data in flash.
                  *
                  * Parameters:
                  *  arrayID:
                  *   ID of the array to write.
                  *  rowAddress:
                  *   rowAddress of flash row to program.
                  *  rowData:
                  *   Array of bytes to write.
                  *
                  * Return:
                  *  status:
C51 COMPILER V9.03   CYFLASH                                                               02/24/2017 20:36:33 PAGE 6   

                  *   CYRET_SUCCESS if successful.
                  *   CYRET_LOCKED if the SPC is already in use.
                  *   CYRET_CANCELED if command not accepted
                  *   CYRET_UNKNOWN if there was an SPC error.
                  *
                  *******************************************************************************/
                  cystatus CyWriteRowData(uint8 arrayId, uint16 rowAddress, uint8 * rowData) 
                  {
                      uint16 rowSize;
                      cystatus status;
              
                      rowSize = (arrayId > CY_SPC_LAST_FLASH_ARRAYID) ? CYDEV_EEPROM_ROW_SIZE : CYDEV_FLS_ROW_SIZE;
                      status = CyWriteRowFull(arrayId, rowAddress, rowData, rowSize);
              
                      return(status);
                  }
              
              #else
 318          
 319              /*******************************************************************************
 320              * Function Name: CyWriteRowData
 321              ********************************************************************************
 322              *
 323              * Summary:
 324              *   Sends a command to the SPC to load and program a row of data in flash.
 325              *
 326              * Parameters:
 327              *  arrayID      : ID of the array to write.
 328              *  rowAddress   : rowAddress of flash row to program.
 329              *  rowData      : Array of bytes to write.
 330              *
 331              * Return:
 332              *  status:
 333              *   CYRET_SUCCESS if successful.
 334              *   CYRET_LOCKED if the SPC is already in use.
 335              *   CYRET_CANCELED if command not accepted
 336              *   CYRET_UNKNOWN if there was an SPC error.
 337              *
 338              *******************************************************************************/
 339              cystatus CyWriteRowData(uint8 arrayId, uint16 rowAddress, uint8 * rowData) 
 340              {
 341   1              uint8 index;
 342   1              uint32 offset;
 343   1              uint16 rowSize;
 344   1              cystatus status;
 345   1      
 346   1              rowSize = (arrayId > CY_SPC_LAST_FLASH_ARRAYID) ? \
 347   1                          CYDEV_EEPROM_ROW_SIZE : \
 348   1                          (CYDEV_FLS_ROW_SIZE + CYDEV_ECC_ROW_SIZE);
 349   1      
 350   1              if(rowSize != CYDEV_EEPROM_ROW_SIZE)
 351   1              {
 352   2                  /* Save the ECC area. */
 353   2                  offset = CYDEV_ECC_BASE + ((uint32) arrayId * CYDEV_ECC_SECTOR_SIZE) +
 354   2                          ((uint32) rowAddress * CYDEV_ECC_ROW_SIZE);
 355   2      
 356   2                  for (index = 0; index < CYDEV_ECC_ROW_SIZE; index++)
 357   2                  {
 358   3                      rowBuffer[CYDEV_FLS_ROW_SIZE + index] = CY_GET_XTND_REG8((void CYFAR *)(offset + index));
 359   3                  }
 360   2              }
 361   1      
C51 COMPILER V9.03   CYFLASH                                                               02/24/2017 20:36:33 PAGE 7   

 362   1              /* Copy the rowdata to the temporary buffer. */
 363   1              memcpy(rowBuffer, rowData, CYDEV_FLS_ROW_SIZE);
 364   1      
 365   1              status = CyWriteRowFull(arrayId, rowAddress, rowBuffer, rowSize);
 366   1      
 367   1              return(status);
 368   1          }
 369          
 370          #endif /* (CYDEV_ECC_ENABLE == 0u) */
 371          
 372          
 373          #if ((CYDEV_ECC_ENABLE == 0u) && (CYDEV_CONFIGURATION_ECC == 0u))
              
                  /*******************************************************************************
                  * Function Name: CyWriteRowConfig
                  ********************************************************************************
                  *
                  * Summary:
                  *  Sends a command to the SPC to load and program a row of config data in flash.
                  *  This function is only valid for Flash array IDs (not for EEPROM).
                  *
                  * Parameters:
                  *  arrayId:
                  *   ID of the array to write
                  *  rowAddress:
                  *   Address of the sector to erase.
                  *  rowData:
                  *   Array of bytes to write.
                  *
                  * Return:
                  *  status:
                  *   CYRET_SUCCESS if successful.
                  *   CYRET_LOCKED if the SPC is already in use.
                  *   CYRET_CANCELED if command not accepted
                  *   CYRET_UNKNOWN if there was an SPC error.
                  *
                  *******************************************************************************/
                  cystatus CyWriteRowConfig(uint8 arrayId, uint16 rowAddress, uint8 * rowData) 
                  {
                      uint32 offset;
                      uint16 index;
                      cystatus status;
              
                      /* Read the existing flash data. */
                      offset = CYDEV_FLS_BASE + ((uint32) arrayId * CYDEV_FLS_SECTOR_SIZE) +
                          ((uint32) rowAddress * CYDEV_FLS_ROW_SIZE);
              
                      for (index = 0; index < CYDEV_FLS_ROW_SIZE; index++)
                      {
                          rowBuffer[index] = CY_GET_XTND_REG8((void CYFAR *)(offset + index));
                      }
              
                      /* Copy the rowData to the temporary buffer. */
                      memcpy(&rowBuffer[CYDEV_FLS_ROW_SIZE], rowData, CYDEV_ECC_ROW_SIZE);
              
                      status = CyWriteRowFull(arrayId, rowAddress, rowBuffer, CYDEV_FLS_ROW_SIZE + CYDEV_ECC_ROW_SIZE);
              
                      return (status);
                  }
              
              #endif  /* ((CYDEV_ECC_ENABLE == 0u) && (CYDEV_CONFIGURATION_ECC == 0u)) */
 423          
C51 COMPILER V9.03   CYFLASH                                                               02/24/2017 20:36:33 PAGE 8   

 424          
 425          
 426          /*******************************************************************************
 427          * Function Name: CyWriteRowFull
 428          ********************************************************************************
 429          * Summary:
 430          *   Sends a command to the SPC to load and program a row of data in flash.
 431          *   rowData array is expected to contain Flash and ECC data if needed.
 432          *
 433          * Parameters:
 434          *       arrayId: FLASH or EEPROM array id.
 435          *       rowData: pointer to a row of data to write.
 436          *       rowNumber: Zero based number of the row.
 437          *       rowSize: Size of the row.
 438          *
 439          * Return:
 440          *   CYRET_SUCCESS if successful.
 441          *   CYRET_LOCKED if the SPC is already in use.
 442          *   CYRET_CANCELED if command not accepted
 443          *   CYRET_UNKNOWN if there was an SPC error.
 444          *
 445          *******************************************************************************/
 446          cystatus CyWriteRowFull(uint8 arrayId, uint16 rowNumber, uint8* rowData, uint16 rowSize) \
 447                  
 448          {
 449   1          cystatus status;
 450   1      
 451   1          if(CySpcLock() == CYRET_SUCCESS)
 452   1          {
 453   2              /* Load row data into SPC internal latch */
 454   2              status = CySpcLoadRow(arrayId, rowData, rowSize);
 455   2      
 456   2              if(CYRET_STARTED == status)
 457   2              {
 458   3                  while(CY_SPC_BUSY)
 459   3                  {
 460   4                      /* Wait for SPC to finish and get SPC status */
 461   4                      CyDelayUs(1u);
 462   4                  }
 463   3      
 464   3                  /* Hide SPC status */
 465   3                  if(CY_SPC_STATUS_SUCCESS == CY_SPC_READ_STATUS)
 466   3                  {
 467   4                      status = CYRET_SUCCESS;
 468   4                  }
 469   3                  else
 470   3                  {
 471   4                      status = CYRET_UNKNOWN;
 472   4                  }
 473   3      
 474   3                  if(CYRET_SUCCESS == status)
 475   3                  {
 476   4                      /* Erase and program flash with the data from SPC interval latch */
 477   4                      status = CySpcWriteRow(arrayId, rowNumber, dieTemperature[0u], dieTemperature[1u]);
 478   4      
 479   4                      if(CYRET_STARTED == status)
 480   4                      {
 481   5                          while(CY_SPC_BUSY)
 482   5                          {
 483   6                              /* Wait for SPC to finish and get SPC status */
 484   6                              CyDelayUs(1u);
 485   6                          }
C51 COMPILER V9.03   CYFLASH                                                               02/24/2017 20:36:33 PAGE 9   

 486   5      
 487   5                          /* Hide SPC status */
 488   5                          if(CY_SPC_STATUS_SUCCESS == CY_SPC_READ_STATUS)
 489   5                          {
 490   6                              status = CYRET_SUCCESS;
 491   6                          }
 492   5                          else
 493   5                          {
 494   6                              status = CYRET_UNKNOWN;
 495   6                          }
 496   5                      }
 497   4                  }
 498   3      
 499   3              }
 500   2      
 501   2              CySpcUnlock();
 502   2          }
 503   1          else
 504   1          {
 505   2              status = CYRET_LOCKED;
 506   2          }
 507   1      
 508   1          return(status);
 509   1      }
 510          
 511          
 512          /*******************************************************************************
 513          * Function Name: CyFlash_SetWaitCycles
 514          ********************************************************************************
 515          *
 516          * Summary:
 517          *  Sets the number of clock cycles the cache will wait before it samples data
 518          *  coming back from Flash. This function must be called before increasing CPU
 519          *  clock frequency. It can optionally be called after lowering CPU clock
 520          *  frequency in order to improve CPU performance.
 521          *
 522          * Parameters:
 523          *  freq:
 524          *   Frequency of operation in Megahertz.
 525          *
 526          * Return:
 527          *  None
 528          *
 529          *******************************************************************************/
 530          void CyFlash_SetWaitCycles(uint8 freq) 
 531          {
 532   1          /* Set Flash Cycles bit fields with frequency value */
 533   1      
 534   1          #if (CY_PSOC3)
 535   1      
 536   1              if (freq <= 22u)
 537   1              {
 538   2                  *FLASH_CYCLES_PTR = ((*FLASH_CYCLES_PTR & ~FLASH_CYCLES_MASK) |
 539   2                      (LESSER_OR_EQUAL_22MHz << FLASH_CYCLES_MASK_SHIFT));
 540   2              }
 541   1              else if (freq <= 44u)
 542   1              {
 543   2                  *FLASH_CYCLES_PTR = ((*FLASH_CYCLES_PTR & ~FLASH_CYCLES_MASK) |
 544   2                      (LESSER_OR_EQUAL_44MHz << FLASH_CYCLES_MASK_SHIFT));
 545   2              }
 546   1              else
 547   1              {
C51 COMPILER V9.03   CYFLASH                                                               02/24/2017 20:36:33 PAGE 10  

 548   2                  *FLASH_CYCLES_PTR = ((*FLASH_CYCLES_PTR & ~FLASH_CYCLES_MASK) |
 549   2                      (GREATER_44MHz << FLASH_CYCLES_MASK_SHIFT));
 550   2              }
 551   1      
 552   1          #endif  /* (CY_PSOC3) */
 553   1      
 554   1      
 555   1          #if (CY_PSOC5A)
              
                      if (freq <= 16u)
                      {
                          *FLASH_CYCLES_PTR = ((*FLASH_CYCLES_PTR & ~FLASH_CYCLES_MASK) |
                              (LESSER_OR_EQUAL_16MHz << FLASH_CYCLES_MASK_SHIFT));
                      }
                      else if (freq <= 33u)
                      {
                          *FLASH_CYCLES_PTR = ((*FLASH_CYCLES_PTR & ~FLASH_CYCLES_MASK) |
                              (LESSER_OR_EQUAL_33MHz << FLASH_CYCLES_MASK_SHIFT));
                      }
                      else if (freq <= 50u)
                      {
                          *FLASH_CYCLES_PTR = ((*FLASH_CYCLES_PTR & ~FLASH_CYCLES_MASK) |
                              (LESSER_OR_EQUAL_50MHz << FLASH_CYCLES_MASK_SHIFT));
                      }
                      else
                      {
                          *FLASH_CYCLES_PTR = ((*FLASH_CYCLES_PTR & ~FLASH_CYCLES_MASK) |
                              (GREATER_51MHz << FLASH_CYCLES_MASK_SHIFT));
                      }
              
                  #endif  /* (CY_PSOC5A) */
 579   1      
 580   1      
 581   1          #if (CY_PSOC5LP)
              
                      if (freq <= 16u)
                      {
                          *FLASH_CYCLES_PTR = ((*FLASH_CYCLES_PTR & ~FLASH_CYCLES_MASK) |
                              (LESSER_OR_EQUAL_16MHz << FLASH_CYCLES_MASK_SHIFT));
                      }
                      else if (freq <= 33u)
                      {
                          *FLASH_CYCLES_PTR = ((*FLASH_CYCLES_PTR & ~FLASH_CYCLES_MASK) |
                              (LESSER_OR_EQUAL_33MHz << FLASH_CYCLES_MASK_SHIFT));
                      }
                      else if (freq <= 50u)
                      {
                          *FLASH_CYCLES_PTR = ((*FLASH_CYCLES_PTR & ~FLASH_CYCLES_MASK) |
                              (LESSER_OR_EQUAL_50MHz << FLASH_CYCLES_MASK_SHIFT));
                      }
                      else
                      {
                          *FLASH_CYCLES_PTR = ((*FLASH_CYCLES_PTR & ~FLASH_CYCLES_MASK) |
                              (GREATER_51MHz << FLASH_CYCLES_MASK_SHIFT));
                      }
              
                  #endif  /* (CY_PSOC5LP) */
 605   1      }
 606          
 607          
 608          #if (CY_PSOC3 || CY_PSOC5LP)
 609          
C51 COMPILER V9.03   CYFLASH                                                               02/24/2017 20:36:33 PAGE 11  

 610              /*******************************************************************************
 611              * Function Name: CyEEPROM_Start
 612              ********************************************************************************
 613              *
 614              * Summary:
 615              *  Enable the EEPROM.
 616              *
 617              * Parameters:
 618              *  None
 619              *
 620              * Return:
 621              *  None
 622              *
 623              *******************************************************************************/
 624              void CyEEPROM_Start(void) 
 625              {
 626   1              /* Active Power Mode */
 627   1              *PM_ACT_EE_PTR |= PM_EE_MASK;
 628   1      
 629   1              /* Standby Power Mode */
 630   1              *PM_STBY_EE_PTR |= PM_EE_MASK;
 631   1          }
 632          
 633          
 634              /*******************************************************************************
 635              * Function Name: CyEEPROM_Stop
 636              ********************************************************************************
 637              *
 638              * Summary:
 639              *  Disable the EEPROM.
 640              *
 641              * Parameters:
 642              *  None
 643              *
 644              * Return:
 645              *  None
 646              *
 647              *******************************************************************************/
 648              void CyEEPROM_Stop (void) 
 649              {
 650   1              /* Active Power Mode */
 651   1              *PM_ACT_EE_PTR &= ~PM_EE_MASK;
 652   1      
 653   1              /* Standby Power Mode */
 654   1              *PM_STBY_EE_PTR &= ~PM_EE_MASK;
 655   1          }
 656          
 657          #endif /* (CY_PSOC3 || CY_PSOC5LP) */
 658          
 659          
 660          /*******************************************************************************
 661          * Function Name: CyEEPROM_ReadReserve
 662          ********************************************************************************
 663          *
 664          * Summary:
 665          *  Request access to the EEPROM for reading and wait until access is available.
 666          *
 667          * Parameters:
 668          *  None
 669          *
 670          * Return:
 671          *  None
C51 COMPILER V9.03   CYFLASH                                                               02/24/2017 20:36:33 PAGE 12  

 672          *
 673          *******************************************************************************/
 674          void CyEEPROM_ReadReserve(void) 
 675          {
 676   1          /* Make a request for PHUB to have access */
 677   1          *AHUB_EE_REQ_ACK_PTR |= 0x01u;
 678   1      
 679   1          /* Wait for acknowledgement from PHUB */
 680   1          while (!(*AHUB_EE_REQ_ACK_PTR & 0x02u));
 681   1      }
 682          
 683          
 684          /*******************************************************************************
 685          * Function Name: CyEEPROM_ReadRelease
 686          ********************************************************************************
 687          *
 688          * Summary:
 689          *  Release the read reservation of the EEPROM.
 690          *
 691          * Parameters:
 692          *  None
 693          *
 694          * Return:
 695          *  None
 696          *
 697          *******************************************************************************/
 698          void CyEEPROM_ReadRelease(void) 
 699          {
 700   1          *AHUB_EE_REQ_ACK_PTR |= 0x00u;
 701   1      }
 702          
 703          
 704          /* [] END OF FILE */
C51 COMPILER V9.03   CYFLASH                                                               02/24/2017 20:36:33 PAGE 13  

ASSEMBLY LISTING OF GENERATED OBJECT CODE


             ; FUNCTION CyFlash_Start (BEGIN)
                                           ; SOURCE LINE # 54
                                           ; SOURCE LINE # 55
                                           ; SOURCE LINE # 69
0000 9043AC            MOV     DPTR,#043ACH
0003 E0                MOVX    A,@DPTR
0004 FF                MOV     R7,A
0005 EF                MOV     A,R7
0006 4401              ORL     A,#01H
0008 FF                MOV     R7,A
0009 EF                MOV     A,R7
000A F0                MOVX    @DPTR,A
                                           ; SOURCE LINE # 72
000B 9043BC            MOV     DPTR,#043BCH
000E E0                MOVX    A,@DPTR
000F FF                MOV     R7,A
0010 EF                MOV     A,R7
0011 4401              ORL     A,#01H
0013 FF                MOV     R7,A
0014 EF                MOV     A,R7
0015 F0                MOVX    @DPTR,A
                                           ; SOURCE LINE # 76
0016 7F05              MOV     R7,#05H
0018 7E00              MOV     R6,#00H
001A 120000      E     LCALL   _CyDelayUs
                                           ; SOURCE LINE # 77
001D 22                RET     
             ; FUNCTION CyFlash_Start (END)

             ; FUNCTION CyFlash_Stop (BEGIN)
                                           ; SOURCE LINE # 102
                                           ; SOURCE LINE # 103
                                           ; SOURCE LINE # 117
0000 9043AC            MOV     DPTR,#043ACH
0003 E0                MOVX    A,@DPTR
0004 FF                MOV     R7,A
0005 EF                MOV     A,R7
0006 54FE              ANL     A,#0FEH
0008 FF                MOV     R7,A
0009 EF                MOV     A,R7
000A F0                MOVX    @DPTR,A
                                           ; SOURCE LINE # 120
000B 9043BC            MOV     DPTR,#043BCH
000E E0                MOVX    A,@DPTR
000F FF                MOV     R7,A
0010 EF                MOV     A,R7
0011 54FE              ANL     A,#0FEH
0013 FF                MOV     R7,A
0014 EF                MOV     A,R7
0015 F0                MOVX    @DPTR,A
                                           ; SOURCE LINE # 123
0016 22                RET     
             ; FUNCTION CyFlash_Stop (END)

             ; FUNCTION CySetTempInt (BEGIN)
                                           ; SOURCE LINE # 145
                                           ; SOURCE LINE # 146
                                           ; SOURCE LINE # 150
0000 120000      E     LCALL   CySpcStart
C51 COMPILER V9.03   CYFLASH                                                               02/24/2017 20:36:33 PAGE 14  

                                           ; SOURCE LINE # 153
0003 900000      R     MOV     DPTR,#status
0006 74FF              MOV     A,#0FFH
0008 F0                MOVX    @DPTR,A
                                           ; SOURCE LINE # 155
0009 120000      E     LCALL   CySpcLock
000C EF                MOV     A,R7
000D 704A              JNZ     ?C0003
                                           ; SOURCE LINE # 156
                                           ; SOURCE LINE # 161
000F 7F01              MOV     R7,#01H
0011 120000      E     LCALL   _CySpcGetTemp
0014 EF                MOV     A,R7
0015 6407              XRL     A,#07H
0017 703B              JNZ     ?C0004
                                           ; SOURCE LINE # 163
0019         ?C0007:
                                           ; SOURCE LINE # 165
                                           ; SOURCE LINE # 166
0019 7B01              MOV     R3,#01H
001B 7A00        R     MOV     R2,#HIGH dieTemperature
001D 7900        R     MOV     R1,#LOW dieTemperature
001F 7D02              MOV     R5,#02H
0021 120000      E     LCALL   _CySpcReadData
0024 EF                MOV     A,R7
0025 B4021D            CJNE    A,#02H,?C0005
                                           ; SOURCE LINE # 167
                                           ; SOURCE LINE # 168
0028 900000      R     MOV     DPTR,#status
002B E4                CLR     A
002C F0                MOVX    @DPTR,A
002D         ?C0009:
                                           ; SOURCE LINE # 170
002D 904722            MOV     DPTR,#04722H
0030 E0                MOVX    A,@DPTR
0031 FF                MOV     R7,A
0032 EF                MOV     A,R7
0033 5402              ANL     A,#02H
0035 FF                MOV     R7,A
0036 7E00              MOV     R6,#00H
0038 EF                MOV     A,R7
0039 4E                ORL     A,R6
003A 7018              JNZ     ?C0004
                                           ; SOURCE LINE # 171
                                           ; SOURCE LINE # 173
003C 7F01              MOV     R7,#01H
003E 7E00              MOV     R6,#00H
0040 120000      E     LCALL   _CyDelayUs
                                           ; SOURCE LINE # 174
0043 80E8              SJMP    ?C0009
                                           ; SOURCE LINE # 175
                                           ; SOURCE LINE # 176
                                           ; SOURCE LINE # 178
0045         ?C0005:
0045 904722            MOV     DPTR,#04722H
0048 E0                MOVX    A,@DPTR
0049 FF                MOV     R7,A
004A EF                MOV     A,R7
004B 5402              ANL     A,#02H
004D FF                MOV     R7,A
004E 7E00              MOV     R6,#00H
0050 EF                MOV     A,R7
C51 COMPILER V9.03   CYFLASH                                                               02/24/2017 20:36:33 PAGE 15  

0051 4E                ORL     A,R6
0052 60C5              JZ      ?C0007
                                           ; SOURCE LINE # 179
0054         ?C0004:
                                           ; SOURCE LINE # 181
0054 120000      E     LCALL   CySpcUnlock
                                           ; SOURCE LINE # 182
0057 8006              SJMP    ?C0011
0059         ?C0003:
                                           ; SOURCE LINE # 184
                                           ; SOURCE LINE # 185
0059 900000      R     MOV     DPTR,#status
005C 7404              MOV     A,#04H
005E F0                MOVX    @DPTR,A
                                           ; SOURCE LINE # 186
005F         ?C0011:
                                           ; SOURCE LINE # 188
005F 900000      R     MOV     DPTR,#status
0062 E0                MOVX    A,@DPTR
0063 FF                MOV     R7,A
                                           ; SOURCE LINE # 189
0064         ?C0012:
0064 22                RET     
             ; FUNCTION CySetTempInt (END)

             ; FUNCTION CySetTemp (BEGIN)
                                           ; SOURCE LINE # 215
                                           ; SOURCE LINE # 216
                                           ; SOURCE LINE # 217
0000 120000      R     LCALL   CySetTempInt
0003 900000      R     MOV     DPTR,#status
0006 EF                MOV     A,R7
0007 F0                MOVX    @DPTR,A
                                           ; SOURCE LINE # 219
0008 900000      R     MOV     DPTR,#status
000B E0                MOVX    A,@DPTR
000C FF                MOV     R7,A
000D EF                MOV     A,R7
000E 7008              JNZ     ?C0013
                                           ; SOURCE LINE # 220
                                           ; SOURCE LINE # 221
0010 120000      R     LCALL   CySetTempInt
0013 900000      R     MOV     DPTR,#status
0016 EF                MOV     A,R7
0017 F0                MOVX    @DPTR,A
                                           ; SOURCE LINE # 222
0018         ?C0013:
                                           ; SOURCE LINE # 224
0018 900000      R     MOV     DPTR,#status
001B E0                MOVX    A,@DPTR
001C FF                MOV     R7,A
                                           ; SOURCE LINE # 225
001D         ?C0014:
001D 22                RET     
             ; FUNCTION CySetTemp (END)

             ; FUNCTION _CySetFlashEEBuffer (BEGIN)
                                           ; SOURCE LINE # 248
0000 900000      R     MOV     DPTR,#buffer
0003 120000      E     LCALL   ?C?PSTXDATA
                                           ; SOURCE LINE # 249
                                           ; SOURCE LINE # 250
C51 COMPILER V9.03   CYFLASH                                                               02/24/2017 20:36:33 PAGE 16  

0006 900000      R     MOV     DPTR,#status
0009 E4                CLR     A
000A F0                MOVX    @DPTR,A
                                           ; SOURCE LINE # 252
000B 120000      E     LCALL   CySpcStart
                                           ; SOURCE LINE # 256
000E 7B00              MOV     R3,#00H
0010 7A00              MOV     R2,#00H
0012 7900              MOV     R1,#00H
0014 C003              PUSH    AR3
0016 C002              PUSH    AR2
0018 C001              PUSH    AR1
001A 900000      R     MOV     DPTR,#buffer
001D 120000      E     LCALL   ?C?PLDXDATA
0020 D082              POP     DPL
0022 D083              POP     DPH
0024 D0E0              POP     ACC
0026 6B                XRL     A,R3
0027 7008              JNZ     ?C0056
0029 E9                MOV     A,R1
002A 6582              XRL     A,DPL
002C 7003              JNZ     ?C0056
002E EA                MOV     A,R2
002F 6583              XRL     A,DPH
0031         ?C0056:
0031 7008              JNZ     ?C0015
                                           ; SOURCE LINE # 257
                                           ; SOURCE LINE # 258
0033 900000      R     MOV     DPTR,#status
0036 7401              MOV     A,#01H
0038 F0                MOVX    @DPTR,A
                                           ; SOURCE LINE # 259
0039 801D              SJMP    ?C0016
003B         ?C0015:
                                           ; SOURCE LINE # 260
003B 120000      E     LCALL   CySpcLock
003E EF                MOV     A,R7
003F 6008              JZ      ?C0017
                                           ; SOURCE LINE # 261
                                           ; SOURCE LINE # 262
0041 900000      R     MOV     DPTR,#status
0044 7404              MOV     A,#04H
0046 F0                MOVX    @DPTR,A
                                           ; SOURCE LINE # 263
0047 800F              SJMP    ?C0016
0049         ?C0017:
                                           ; SOURCE LINE # 265
                                           ; SOURCE LINE # 266
0049 900000      R     MOV     DPTR,#buffer
004C 120000      E     LCALL   ?C?PLDXDATA
004F 900000      R     MOV     DPTR,#rowBuffer
0052 120000      E     LCALL   ?C?PSTXDATA
                                           ; SOURCE LINE # 267
0055 120000      E     LCALL   CySpcUnlock
                                           ; SOURCE LINE # 268
0058         ?C0016:
                                           ; SOURCE LINE # 277
0058 900000      R     MOV     DPTR,#status
005B E0                MOVX    A,@DPTR
005C FF                MOV     R7,A
                                           ; SOURCE LINE # 278
005D         ?C0019:
C51 COMPILER V9.03   CYFLASH                                                               02/24/2017 20:36:33 PAGE 17  

005D 22                RET     
             ; FUNCTION _CySetFlashEEBuffer (END)

             ; FUNCTION _CyWriteRowData (BEGIN)
                                           ; SOURCE LINE # 339
0000 900000      R     MOV     DPTR,#arrayId
0003 EF                MOV     A,R7
0004 F0                MOVX    @DPTR,A
0005 900000      R     MOV     DPTR,#rowAddress
0008 EC                MOV     A,R4
0009 F0                MOVX    @DPTR,A
000A A3                INC     DPTR
000B ED                MOV     A,R5
000C F0                MOVX    @DPTR,A
000D 900000      R     MOV     DPTR,#rowData
0010 120000      E     LCALL   ?C?PSTXDATA
                                           ; SOURCE LINE # 340
                                           ; SOURCE LINE # 346
0013 900000      R     MOV     DPTR,#arrayId
0016 E0                MOVX    A,@DPTR
0017 FF                MOV     R7,A
0018 EF                MOV     A,R7
0019 D3                SETB    C
001A 943F              SUBB    A,#03FH
001C 4006              JC      ?C0020
001E 7E00              MOV     R6,#00H
0020 7F10              MOV     R7,#010H
0022 8004              SJMP    ?C0021
0024         ?C0020:
0024 7E01              MOV     R6,#01H
0026 7F20              MOV     R7,#020H
0028         ?C0021:
0028 900000      R     MOV     DPTR,#rowSize
002B EE                MOV     A,R6
002C F0                MOVX    @DPTR,A
002D A3                INC     DPTR
002E EF                MOV     A,R7
002F F0                MOVX    @DPTR,A
                                           ; SOURCE LINE # 350
0030 900000      R     MOV     DPTR,#rowSize
0033 E0                MOVX    A,@DPTR
0034 FE                MOV     R6,A
0035 A3                INC     DPTR
0036 E0                MOVX    A,@DPTR
0037 FF                MOV     R7,A
0038 EF                MOV     A,R7
0039 6410              XRL     A,#010H
003B 4E                ORL     A,R6
003C 7003              JNZ     $ + 5H
003E 020000      R     LJMP    ?C0022
                                           ; SOURCE LINE # 351
                                           ; SOURCE LINE # 354
0041 900000      R     MOV     DPTR,#arrayId
0044 E0                MOVX    A,@DPTR
0045 FF                MOV     R7,A
0046 7E00              MOV     R6,#00H
0048 7C20              MOV     R4,#020H
004A 7D00              MOV     R5,#00H
004C 120000      E     LCALL   ?C?LIMUL
004F EF                MOV     A,R7
0050 2400              ADD     A,#00H
0052 FF                MOV     R7,A
C51 COMPILER V9.03   CYFLASH                                                               02/24/2017 20:36:33 PAGE 18  

0053 EE                MOV     A,R6
0054 3400              ADDC    A,#00H
0056 FE                MOV     R6,A
0057 ED                MOV     A,R5
0058 3408              ADDC    A,#08H
005A FD                MOV     R5,A
005B EC                MOV     A,R4
005C 3400              ADDC    A,#00H
005E FC                MOV     R4,A
005F C004              PUSH    AR4
0061 C005              PUSH    AR5
0063 C006              PUSH    AR6
0065 C007              PUSH    AR7
0067 900000      R     MOV     DPTR,#rowAddress
006A E0                MOVX    A,@DPTR
006B FE                MOV     R6,A
006C A3                INC     DPTR
006D E0                MOVX    A,@DPTR
006E FF                MOV     R7,A
006F 7C00              MOV     R4,#00H
0071 7D20              MOV     R5,#020H
0073 120000      E     LCALL   ?C?LIMUL
0076 A804              MOV     R0,AR4
0078 A905              MOV     R1,AR5
007A AA06              MOV     R2,AR6
007C AB07              MOV     R3,AR7
007E D007              POP     AR7
0080 D006              POP     AR6
0082 D005              POP     AR5
0084 D004              POP     AR4
0086 120000      E     LCALL   ?C?LADD
0089 900000      R     MOV     DPTR,#offset
008C 120000      E     LCALL   ?C?LSTXDATA
                                           ; SOURCE LINE # 356
008F 900000      R     MOV     DPTR,#index
0092 E4                CLR     A
0093 F0                MOVX    @DPTR,A
0094         ?C0023:
0094 900000      R     MOV     DPTR,#index
0097 E0                MOVX    A,@DPTR
0098 FF                MOV     R7,A
0099 EF                MOV     A,R7
009A C3                CLR     C
009B 9420              SUBB    A,#020H
009D 5044              JNC     ?C0022
                                           ; SOURCE LINE # 357
                                           ; SOURCE LINE # 358
009F 900000      R     MOV     DPTR,#index
00A2 E0                MOVX    A,@DPTR
00A3 FF                MOV     R7,A
00A4 E4                CLR     A
00A5 FC                MOV     R4,A
00A6 FD                MOV     R5,A
00A7 FE                MOV     R6,A
00A8 900000      R     MOV     DPTR,#offset
00AB 120000      E     LCALL   ?C?LLDXDATA0
00AE 120000      E     LCALL   ?C?LADD
00B1 A907              MOV     R1,AR7
00B3 AA06              MOV     R2,AR6
00B5 AB05              MOV     R3,AR5
00B7 120000      E     LCALL   _cyread8
00BA 900000      R     MOV     DPTR,#index
C51 COMPILER V9.03   CYFLASH                                                               02/24/2017 20:36:33 PAGE 19  

00BD E0                MOVX    A,@DPTR
00BE FE                MOV     R6,A
00BF EE                MOV     A,R6
00C0 FD                MOV     R5,A
00C1 7C00              MOV     R4,#00H
00C3 ED                MOV     A,R5
00C4 2400              ADD     A,#00H
00C6 FD                MOV     R5,A
00C7 EC                MOV     A,R4
00C8 3401              ADDC    A,#01H
00CA FC                MOV     R4,A
00CB 900000      R     MOV     DPTR,#rowBuffer
00CE 120000      E     LCALL   ?C?PLDXDATA
00D1 E9                MOV     A,R1
00D2 2D                ADD     A,R5
00D3 F9                MOV     R1,A
00D4 EA                MOV     A,R2
00D5 3C                ADDC    A,R4
00D6 FA                MOV     R2,A
00D7 EF                MOV     A,R7
00D8 120000      E     LCALL   ?C?CSTPTR
                                           ; SOURCE LINE # 359
00DB 900000      R     MOV     DPTR,#index
00DE E0                MOVX    A,@DPTR
00DF 04                INC     A
00E0 F0                MOVX    @DPTR,A
00E1 80B1              SJMP    ?C0023
                                           ; SOURCE LINE # 360
00E3         ?C0022:
                                           ; SOURCE LINE # 363
00E3 900000      R     MOV     DPTR,#rowData
00E6 120000      E     LCALL   ?C?PLDXDATA
00E9 C003              PUSH    AR3
00EB C002              PUSH    AR2
00ED C001              PUSH    AR1
00EF 900000      R     MOV     DPTR,#rowBuffer
00F2 120000      E     LCALL   ?C?PLDXDATA
00F5 A801              MOV     R0,AR1
00F7 AC02              MOV     R4,AR2
00F9 AD03              MOV     R5,AR3
00FB D001              POP     AR1
00FD D002              POP     AR2
00FF D003              POP     AR3
0101 7E01              MOV     R6,#01H
0103 7F00              MOV     R7,#00H
0105 120000      E     LCALL   ?C?COPYAMD
                                           ; SOURCE LINE # 365
0108 900000      R     MOV     DPTR,#arrayId
010B E0                MOVX    A,@DPTR
010C FF                MOV     R7,A
010D C007              PUSH    AR7
010F 900000      R     MOV     DPTR,#rowAddress
0112 E0                MOVX    A,@DPTR
0113 FC                MOV     R4,A
0114 A3                INC     DPTR
0115 E0                MOVX    A,@DPTR
0116 FD                MOV     R5,A
0117 900000      R     MOV     DPTR,#rowBuffer
011A 120000      E     LCALL   ?C?PLDXDATA
011D 900000      R     MOV     DPTR,#rowSize
0120 E0                MOVX    A,@DPTR
0121 FE                MOV     R6,A
C51 COMPILER V9.03   CYFLASH                                                               02/24/2017 20:36:33 PAGE 20  

0122 A3                INC     DPTR
0123 E0                MOVX    A,@DPTR
0124 FF                MOV     R7,A
0125 900000      R     MOV     DPTR,#?_CyWriteRowFull?BYTE+06H
0128 EE                MOV     A,R6
0129 F0                MOVX    @DPTR,A
012A A3                INC     DPTR
012B EF                MOV     A,R7
012C F0                MOVX    @DPTR,A
012D D007              POP     AR7
012F 120000      R     LCALL   _CyWriteRowFull
0132 900000      R     MOV     DPTR,#status
0135 EF                MOV     A,R7
0136 F0                MOVX    @DPTR,A
                                           ; SOURCE LINE # 367
0137 900000      R     MOV     DPTR,#status
013A E0                MOVX    A,@DPTR
013B FF                MOV     R7,A
                                           ; SOURCE LINE # 368
013C         ?C0026:
013C 22                RET     
             ; FUNCTION _CyWriteRowData (END)

             ; FUNCTION _CyWriteRowFull (BEGIN)
                                           ; SOURCE LINE # 446
0000 900000      R     MOV     DPTR,#arrayId
0003 EF                MOV     A,R7
0004 F0                MOVX    @DPTR,A
0005 900000      R     MOV     DPTR,#rowNumber
0008 EC                MOV     A,R4
0009 F0                MOVX    @DPTR,A
000A A3                INC     DPTR
000B ED                MOV     A,R5
000C F0                MOVX    @DPTR,A
000D 900000      R     MOV     DPTR,#rowData
0010 120000      E     LCALL   ?C?PSTXDATA
                                           ; SOURCE LINE # 448
                                           ; SOURCE LINE # 451
0013 120000      E     LCALL   CySpcLock
0016 EF                MOV     A,R7
0017 6003              JZ      $ + 5H
0019 020000      R     LJMP    ?C0027
                                           ; SOURCE LINE # 452
                                           ; SOURCE LINE # 454
001C 900000      R     MOV     DPTR,#arrayId
001F E0                MOVX    A,@DPTR
0020 FF                MOV     R7,A
0021 900000      R     MOV     DPTR,#rowData
0024 120000      E     LCALL   ?C?PLDXDATA
0027 900000      R     MOV     DPTR,#rowSize
002A E0                MOVX    A,@DPTR
002B FC                MOV     R4,A
002C A3                INC     DPTR
002D E0                MOVX    A,@DPTR
002E FD                MOV     R5,A
002F 900000      E     MOV     DPTR,#?_CySpcLoadRow?BYTE+04H
0032 EC                MOV     A,R4
0033 F0                MOVX    @DPTR,A
0034 A3                INC     DPTR
0035 ED                MOV     A,R5
0036 F0                MOVX    @DPTR,A
0037 120000      E     LCALL   _CySpcLoadRow
C51 COMPILER V9.03   CYFLASH                                                               02/24/2017 20:36:33 PAGE 21  

003A 900000      R     MOV     DPTR,#status
003D EF                MOV     A,R7
003E F0                MOVX    @DPTR,A
                                           ; SOURCE LINE # 456
003F 900000      R     MOV     DPTR,#status
0042 E0                MOVX    A,@DPTR
0043 FF                MOV     R7,A
0044 EF                MOV     A,R7
0045 6407              XRL     A,#07H
0047 6003              JZ      $ + 5H
0049 020000      R     LJMP    ?C0028
                                           ; SOURCE LINE # 457
004C         ?C0029:
                                           ; SOURCE LINE # 458
004C 904722            MOV     DPTR,#04722H
004F E0                MOVX    A,@DPTR
0050 FF                MOV     R7,A
0051 EF                MOV     A,R7
0052 5402              ANL     A,#02H
0054 FF                MOV     R7,A
0055 7E00              MOV     R6,#00H
0057 EF                MOV     A,R7
0058 4E                ORL     A,R6
0059 7009              JNZ     ?C0030
                                           ; SOURCE LINE # 459
                                           ; SOURCE LINE # 461
005B 7F01              MOV     R7,#01H
005D 7E00              MOV     R6,#00H
005F 120000      E     LCALL   _CyDelayUs
                                           ; SOURCE LINE # 462
0062 80E8              SJMP    ?C0029
0064         ?C0030:
                                           ; SOURCE LINE # 465
0064 904722            MOV     DPTR,#04722H
0067 E0                MOVX    A,@DPTR
0068 FF                MOV     R7,A
0069 EF                MOV     A,R7
006A 5402              ANL     A,#02H
006C FF                MOV     R7,A
006D 7E00              MOV     R6,#00H
006F EF                MOV     A,R7
0070 4E                ORL     A,R6
0071 600D              JZ      ?C0032
0073 904722            MOV     DPTR,#04722H
0076 E0                MOVX    A,@DPTR
0077 FF                MOV     R7,A
0078 EF                MOV     A,R7
0079 13                RRC     A
007A 13                RRC     A
007B 543F              ANL     A,#03FH
007D FF                MOV     R7,A
007E 8002              SJMP    ?C0033
0080         ?C0032:
0080 7FFF              MOV     R7,#0FFH
0082         ?C0033:
0082 EF                MOV     A,R7
0083 7007              JNZ     ?C0031
                                           ; SOURCE LINE # 466
                                           ; SOURCE LINE # 467
0085 900000      R     MOV     DPTR,#status
0088 E4                CLR     A
0089 F0                MOVX    @DPTR,A
C51 COMPILER V9.03   CYFLASH                                                               02/24/2017 20:36:33 PAGE 22  

                                           ; SOURCE LINE # 468
008A 8006              SJMP    ?C0034
008C         ?C0031:
                                           ; SOURCE LINE # 470
                                           ; SOURCE LINE # 471
008C 900000      R     MOV     DPTR,#status
008F 74FF              MOV     A,#0FFH
0091 F0                MOVX    @DPTR,A
                                           ; SOURCE LINE # 472
0092         ?C0034:
                                           ; SOURCE LINE # 474
0092 900000      R     MOV     DPTR,#status
0095 E0                MOVX    A,@DPTR
0096 FF                MOV     R7,A
0097 EF                MOV     A,R7
0098 7074              JNZ     ?C0028
                                           ; SOURCE LINE # 475
                                           ; SOURCE LINE # 477
009A 900000      R     MOV     DPTR,#arrayId
009D E0                MOVX    A,@DPTR
009E FF                MOV     R7,A
009F 900000      R     MOV     DPTR,#rowNumber
00A2 E0                MOVX    A,@DPTR
00A3 FC                MOV     R4,A
00A4 A3                INC     DPTR
00A5 E0                MOVX    A,@DPTR
00A6 FD                MOV     R5,A
00A7 900000      R     MOV     DPTR,#dieTemperature
00AA E0                MOVX    A,@DPTR
00AB FB                MOV     R3,A
00AC 900000      R     MOV     DPTR,#dieTemperature+01H
00AF E0                MOVX    A,@DPTR
00B0 FE                MOV     R6,A
00B1 900000      E     MOV     DPTR,#?_CySpcWriteRow?BYTE+04H
00B4 EE                MOV     A,R6
00B5 F0                MOVX    @DPTR,A
00B6 120000      E     LCALL   _CySpcWriteRow
00B9 900000      R     MOV     DPTR,#status
00BC EF                MOV     A,R7
00BD F0                MOVX    @DPTR,A
                                           ; SOURCE LINE # 479
00BE 900000      R     MOV     DPTR,#status
00C1 E0                MOVX    A,@DPTR
00C2 FF                MOV     R7,A
00C3 EF                MOV     A,R7
00C4 6407              XRL     A,#07H
00C6 7046              JNZ     ?C0028
                                           ; SOURCE LINE # 480
00C8         ?C0037:
                                           ; SOURCE LINE # 481
00C8 904722            MOV     DPTR,#04722H
00CB E0                MOVX    A,@DPTR
00CC FF                MOV     R7,A
00CD EF                MOV     A,R7
00CE 5402              ANL     A,#02H
00D0 FF                MOV     R7,A
00D1 7E00              MOV     R6,#00H
00D3 EF                MOV     A,R7
00D4 4E                ORL     A,R6
00D5 7009              JNZ     ?C0038
                                           ; SOURCE LINE # 482
                                           ; SOURCE LINE # 484
C51 COMPILER V9.03   CYFLASH                                                               02/24/2017 20:36:33 PAGE 23  

00D7 7F01              MOV     R7,#01H
00D9 7E00              MOV     R6,#00H
00DB 120000      E     LCALL   _CyDelayUs
                                           ; SOURCE LINE # 485
00DE 80E8              SJMP    ?C0037
00E0         ?C0038:
                                           ; SOURCE LINE # 488
00E0 904722            MOV     DPTR,#04722H
00E3 E0                MOVX    A,@DPTR
00E4 FF                MOV     R7,A
00E5 EF                MOV     A,R7
00E6 5402              ANL     A,#02H
00E8 FF                MOV     R7,A
00E9 7E00              MOV     R6,#00H
00EB EF                MOV     A,R7
00EC 4E                ORL     A,R6
00ED 600D              JZ      ?C0040
00EF 904722            MOV     DPTR,#04722H
00F2 E0                MOVX    A,@DPTR
00F3 FF                MOV     R7,A
00F4 EF                MOV     A,R7
00F5 13                RRC     A
00F6 13                RRC     A
00F7 543F              ANL     A,#03FH
00F9 FF                MOV     R7,A
00FA 8002              SJMP    ?C0041
00FC         ?C0040:
00FC 7FFF              MOV     R7,#0FFH
00FE         ?C0041:
00FE EF                MOV     A,R7
00FF 7007              JNZ     ?C0039
                                           ; SOURCE LINE # 489
                                           ; SOURCE LINE # 490
0101 900000      R     MOV     DPTR,#status
0104 E4                CLR     A
0105 F0                MOVX    @DPTR,A
                                           ; SOURCE LINE # 491
0106 8006              SJMP    ?C0028
0108         ?C0039:
                                           ; SOURCE LINE # 493
                                           ; SOURCE LINE # 494
0108 900000      R     MOV     DPTR,#status
010B 74FF              MOV     A,#0FFH
010D F0                MOVX    @DPTR,A
                                           ; SOURCE LINE # 495
                                           ; SOURCE LINE # 496
                                           ; SOURCE LINE # 497
                                           ; SOURCE LINE # 499
010E         ?C0028:
                                           ; SOURCE LINE # 501
010E 120000      E     LCALL   CySpcUnlock
                                           ; SOURCE LINE # 502
0111 8006              SJMP    ?C0043
0113         ?C0027:
                                           ; SOURCE LINE # 504
                                           ; SOURCE LINE # 505
0113 900000      R     MOV     DPTR,#status
0116 7404              MOV     A,#04H
0118 F0                MOVX    @DPTR,A
                                           ; SOURCE LINE # 506
0119         ?C0043:
                                           ; SOURCE LINE # 508
C51 COMPILER V9.03   CYFLASH                                                               02/24/2017 20:36:33 PAGE 24  

0119 900000      R     MOV     DPTR,#status
011C E0                MOVX    A,@DPTR
011D FF                MOV     R7,A
                                           ; SOURCE LINE # 509
011E         ?C0044:
011E 22                RET     
             ; FUNCTION _CyWriteRowFull (END)

             ; FUNCTION _CyFlash_SetWaitCycles (BEGIN)
                                           ; SOURCE LINE # 530
0000 900000      R     MOV     DPTR,#freq
0003 EF                MOV     A,R7
0004 F0                MOVX    @DPTR,A
                                           ; SOURCE LINE # 531
                                           ; SOURCE LINE # 536
0005 900000      R     MOV     DPTR,#freq
0008 E0                MOVX    A,@DPTR
0009 FF                MOV     R7,A
000A EF                MOV     A,R7
000B D3                SETB    C
000C 9416              SUBB    A,#016H
000E 5013              JNC     ?C0045
                                           ; SOURCE LINE # 537
                                           ; SOURCE LINE # 538
0010 904800            MOV     DPTR,#04800H
0013 E0                MOVX    A,@DPTR
0014 FF                MOV     R7,A
0015 EF                MOV     A,R7
0016 543F              ANL     A,#03FH
0018 FF                MOV     R7,A
0019 EF                MOV     A,R7
001A 4440              ORL     A,#040H
001C FF                MOV     R7,A
001D 904800            MOV     DPTR,#04800H
0020 EF                MOV     A,R7
0021 F0                MOVX    @DPTR,A
                                           ; SOURCE LINE # 540
0022 22                RET     
0023         ?C0045:
                                           ; SOURCE LINE # 541
0023 900000      R     MOV     DPTR,#freq
0026 E0                MOVX    A,@DPTR
0027 FF                MOV     R7,A
0028 EF                MOV     A,R7
0029 D3                SETB    C
002A 942C              SUBB    A,#02CH
002C 5013              JNC     ?C0047
                                           ; SOURCE LINE # 542
                                           ; SOURCE LINE # 543
002E 904800            MOV     DPTR,#04800H
0031 E0                MOVX    A,@DPTR
0032 FF                MOV     R7,A
0033 EF                MOV     A,R7
0034 543F              ANL     A,#03FH
0036 FF                MOV     R7,A
0037 EF                MOV     A,R7
0038 4480              ORL     A,#080H
003A FF                MOV     R7,A
003B 904800            MOV     DPTR,#04800H
003E EF                MOV     A,R7
003F F0                MOVX    @DPTR,A
                                           ; SOURCE LINE # 545
C51 COMPILER V9.03   CYFLASH                                                               02/24/2017 20:36:33 PAGE 25  

0040 22                RET     
0041         ?C0047:
                                           ; SOURCE LINE # 547
                                           ; SOURCE LINE # 548
0041 904800            MOV     DPTR,#04800H
0044 E0                MOVX    A,@DPTR
0045 FF                MOV     R7,A
0046 EF                MOV     A,R7
0047 543F              ANL     A,#03FH
0049 FF                MOV     R7,A
004A EF                MOV     A,R7
004B 44C0              ORL     A,#0C0H
004D FF                MOV     R7,A
004E 904800            MOV     DPTR,#04800H
0051 EF                MOV     A,R7
0052 F0                MOVX    @DPTR,A
                                           ; SOURCE LINE # 550
                                           ; SOURCE LINE # 605
0053         ?C0049:
0053 22                RET     
             ; FUNCTION _CyFlash_SetWaitCycles (END)

             ; FUNCTION CyEEPROM_Start (BEGIN)
                                           ; SOURCE LINE # 624
                                           ; SOURCE LINE # 625
                                           ; SOURCE LINE # 627
0000 9043AC            MOV     DPTR,#043ACH
0003 E0                MOVX    A,@DPTR
0004 FF                MOV     R7,A
0005 EF                MOV     A,R7
0006 4410              ORL     A,#010H
0008 FF                MOV     R7,A
0009 EF                MOV     A,R7
000A F0                MOVX    @DPTR,A
                                           ; SOURCE LINE # 630
000B 9043BC            MOV     DPTR,#043BCH
000E E0                MOVX    A,@DPTR
000F FF                MOV     R7,A
0010 EF                MOV     A,R7
0011 4410              ORL     A,#010H
0013 FF                MOV     R7,A
0014 EF                MOV     A,R7
0015 F0                MOVX    @DPTR,A
                                           ; SOURCE LINE # 631
0016 22                RET     
             ; FUNCTION CyEEPROM_Start (END)

             ; FUNCTION CyEEPROM_Stop (BEGIN)
                                           ; SOURCE LINE # 648
                                           ; SOURCE LINE # 649
                                           ; SOURCE LINE # 651
0000 9043AC            MOV     DPTR,#043ACH
0003 E0                MOVX    A,@DPTR
0004 FF                MOV     R7,A
0005 EF                MOV     A,R7
0006 54EF              ANL     A,#0EFH
0008 FF                MOV     R7,A
0009 EF                MOV     A,R7
000A F0                MOVX    @DPTR,A
                                           ; SOURCE LINE # 654
000B 9043BC            MOV     DPTR,#043BCH
000E E0                MOVX    A,@DPTR
C51 COMPILER V9.03   CYFLASH                                                               02/24/2017 20:36:33 PAGE 26  

000F FF                MOV     R7,A
0010 EF                MOV     A,R7
0011 54EF              ANL     A,#0EFH
0013 FF                MOV     R7,A
0014 EF                MOV     A,R7
0015 F0                MOVX    @DPTR,A
                                           ; SOURCE LINE # 655
0016 22                RET     
             ; FUNCTION CyEEPROM_Stop (END)

             ; FUNCTION CyEEPROM_ReadReserve (BEGIN)
                                           ; SOURCE LINE # 674
                                           ; SOURCE LINE # 675
                                           ; SOURCE LINE # 677
0000 904702            MOV     DPTR,#04702H
0003 E0                MOVX    A,@DPTR
0004 FF                MOV     R7,A
0005 EF                MOV     A,R7
0006 4401              ORL     A,#01H
0008 FF                MOV     R7,A
0009 EF                MOV     A,R7
000A F0                MOVX    @DPTR,A
000B         ?C0052:
                                           ; SOURCE LINE # 680
000B 904702            MOV     DPTR,#04702H
000E E0                MOVX    A,@DPTR
000F FF                MOV     R7,A
0010 EF                MOV     A,R7
0011 5402              ANL     A,#02H
0013 FF                MOV     R7,A
0014 7E00              MOV     R6,#00H
0016 EF                MOV     A,R7
0017 4E                ORL     A,R6
0018 60F1              JZ      ?C0052
001A         ?C0053:
                                           ; SOURCE LINE # 681
001A         ?C0054:
001A 22                RET     
             ; FUNCTION CyEEPROM_ReadReserve (END)

             ; FUNCTION CyEEPROM_ReadRelease (BEGIN)
                                           ; SOURCE LINE # 698
                                           ; SOURCE LINE # 699
                                           ; SOURCE LINE # 700
0000 904702            MOV     DPTR,#04702H
0003 E0                MOVX    A,@DPTR
0004 FF                MOV     R7,A
0005 EF                MOV     A,R7
0006 4400              ORL     A,#00H
0008 FF                MOV     R7,A
0009 EF                MOV     A,R7
000A F0                MOVX    @DPTR,A
                                           ; SOURCE LINE # 701
000B 22                RET     
             ; FUNCTION CyEEPROM_ReadRelease (END)



MODULE INFORMATION:   STATIC OVERLAYABLE
   CODE SIZE        =   1051    ----
   CONSTANT SIZE    =   ----    ----
   XDATA SIZE       =      5      30
C51 COMPILER V9.03   CYFLASH                                                               02/24/2017 20:36:33 PAGE 27  

   PDATA SIZE       =   ----    ----
   DATA SIZE        =   ----    ----
   IDATA SIZE       =   ----    ----
   BIT SIZE         =   ----    ----
   EDATA SIZE       =   ----    ----
   HDATA SIZE       =   ----    ----
   XDATA CONST SIZE =   ----    ----
   FAR CONST SIZE   =   ----    ----
END OF MODULE INFORMATION.


C51 COMPILATION COMPLETE.  0 WARNING(S),  0 ERROR(S)
