C51 COMPILER V9.03   MAIN                                                                  02/24/2017 20:36:10 PAGE 1   


C51 COMPILER V9.03, COMPILATION OF MODULE MAIN
OBJECT MODULE PLACED IN .\DP8051\DP8051_Keil_903\Debug\main.obj
COMPILER INVOKED BY: C:\Program Files (x86)\Cypress\PSoC Creator\2.1\PSoC Creator\import\keil\pk51\9.03\C51\BIN\c51.exe 
                    -.\main.c NOIV LARGE MODDP2 OMF2 VB(1) PR(.\DP8051\DP8051_Keil_903\Debug\main.lst) CD DB NOIP OT(2,SIZE) INCDIR(Generated
                    -_Source\PSoC3) OJ(.\DP8051\DP8051_Keil_903\Debug\main.obj)

line level    source

   1          /* ========================================
   2           *
   3           * Copyright YOUR COMPANY, THE YEAR
   4           * All Rights Reserved
   5           * UNPUBLISHED, LICENSED SOFTWARE.
   6           *
   7           * CONFIDENTIAL AND PROPRIETARY INFORMATION
   8           * WHICH IS THE PROPERTY OF your company.
   9           *
  10           * ========================================
  11          */
  12          #include <device.h>
  13          
  14          CY_ISR(inter)
  15          {
  16   1          if(PWM_ReadCompare() == 0)
  17   1          {
  18   2              PWM_WriteCompare(99);
  19   2              LCD_Position(1,0);
  20   2              LCD_PrintString("On ");
  21   2          }
  22   1          else
  23   1          {
  24   2              PWM_WriteCompare(0);
  25   2              LCD_Position(1,0);
  26   2              LCD_PrintString("Off");
  27   2          }
  28   1      }
  29          
  30          void main()
  31          {
  32   1          /* Place your initialization/startup code here (e.g. MyInst_Start()) */
  33   1          
  34   1          CyGlobalIntEnable; /* Uncomment this line to enable global interrupts. */
  35   1          inter_1_Start();
  36   1          inter_1_SetVector(inter);
  37   1          
  38   1          PWM_Start();
  39   1          LCD_Start();
  40   1          LCD_Position(0,0);
  41   1          for(;;)
  42   1          {
  43   2              /* Place your application code here. */
  44   2          }
  45   1      }
  46          
  47          /* [] END OF FILE */
C51 COMPILER V9.03   MAIN                                                                  02/24/2017 20:36:10 PAGE 2   

ASSEMBLY LISTING OF GENERATED OBJECT CODE


             ; FUNCTION inter (BEGIN)
0000 C0E0              PUSH    ACC
0002 C0F0              PUSH    B
0004 C083              PUSH    DPH
0006 C082              PUSH    DPL
0008 C085              PUSH    DPH1
000A C084              PUSH    DPL1
000C C086              PUSH    DPS
000E 758600            MOV     DPS,#00H
0011 C000        E     PUSH    ?C?XPAGE1SFR
0013 750000      E     MOV     ?C?XPAGE1SFR,#?C?XPAGE1RST
0016 C0D0              PUSH    PSW
0018 75D000            MOV     PSW,#00H
001B C000              PUSH    AR0
001D C001              PUSH    AR1
001F C002              PUSH    AR2
0021 C003              PUSH    AR3
0023 C004              PUSH    AR4
0025 C005              PUSH    AR5
0027 C006              PUSH    AR6
0029 C007              PUSH    AR7
                                           ; SOURCE LINE # 14
                                           ; SOURCE LINE # 16
002B 906421            MOV     DPTR,#06421H
002E E0                MOVX    A,@DPTR
002F FF                MOV     R7,A
0030 EF                MOV     A,R7
0031 7017              JNZ     ?C0001
                                           ; SOURCE LINE # 17
                                           ; SOURCE LINE # 18
0033 7F63              MOV     R7,#063H
0035 120000      E     LCALL   _PWM_WriteCompare
                                           ; SOURCE LINE # 19
0038 7D00              MOV     R5,#00H
003A 7F01              MOV     R7,#01H
003C 120000      E     LCALL   _LCD_Position
                                           ; SOURCE LINE # 20
003F 7BFF              MOV     R3,#0FFH
0041 7A00        R     MOV     R2,#HIGH ?SC_0
0043 7900        R     MOV     R1,#LOW ?SC_0
0045 120000      E     LCALL   _LCD_PrintString
                                           ; SOURCE LINE # 21
0048 8015              SJMP    ?C0003
004A         ?C0001:
                                           ; SOURCE LINE # 23
                                           ; SOURCE LINE # 24
004A 7F00              MOV     R7,#00H
004C 120000      E     LCALL   _PWM_WriteCompare
                                           ; SOURCE LINE # 25
004F 7D00              MOV     R5,#00H
0051 7F01              MOV     R7,#01H
0053 120000      E     LCALL   _LCD_Position
                                           ; SOURCE LINE # 26
0056 7BFF              MOV     R3,#0FFH
0058 7A00        R     MOV     R2,#HIGH ?SC_4
005A 7900        R     MOV     R1,#LOW ?SC_4
005C 120000      E     LCALL   _LCD_PrintString
                                           ; SOURCE LINE # 27
                                           ; SOURCE LINE # 28
C51 COMPILER V9.03   MAIN                                                                  02/24/2017 20:36:10 PAGE 3   

005F         ?C0003:
005F D007              POP     AR7
0061 D006              POP     AR6
0063 D005              POP     AR5
0065 D004              POP     AR4
0067 D003              POP     AR3
0069 D002              POP     AR2
006B D001              POP     AR1
006D D000              POP     AR0
006F D0D0              POP     PSW
0071 D000        E     POP     ?C?XPAGE1SFR
0073 D086              POP     DPS
0075 D084              POP     DPL1
0077 D085              POP     DPH1
0079 D082              POP     DPL
007B D083              POP     DPH
007D D0F0              POP     B
007F D0E0              POP     ACC
0081 32                RETI    
             ; FUNCTION inter (END)

             ; FUNCTION main (BEGIN)
                                           ; SOURCE LINE # 30
                                           ; SOURCE LINE # 31
                                           ; SOURCE LINE # 34
0000 D2AF              SETB    EA
0002 9044F4            MOV     DPTR,#044F4H
0005 E0                MOVX    A,@DPTR
0006 FF                MOV     R7,A
0007 EF                MOV     A,R7
0008 54FD              ANL     A,#0FDH
000A FF                MOV     R7,A
000B EF                MOV     A,R7
000C F0                MOVX    @DPTR,A
                                           ; SOURCE LINE # 35
000D 120000      E     LCALL   inter_1_Start
                                           ; SOURCE LINE # 36
0010 7E00        R     MOV     R6,#HIGH inter
0012 7F00        R     MOV     R7,#LOW inter
0014 120000      E     LCALL   _inter_1_SetVector
                                           ; SOURCE LINE # 38
0017 120000      E     LCALL   PWM_Start
                                           ; SOURCE LINE # 39
001A 120000      E     LCALL   LCD_Start
                                           ; SOURCE LINE # 40
001D 7D00              MOV     R5,#00H
001F 7F00              MOV     R7,#00H
0021 120000      E     LCALL   _LCD_Position
                                           ; SOURCE LINE # 41
0024         ?C0004:
                                           ; SOURCE LINE # 42
                                           ; SOURCE LINE # 44
0024 80FE              SJMP    ?C0004
0026 22                RET     
             ; FUNCTION main (END)



MODULE INFORMATION:   STATIC OVERLAYABLE
   CODE SIZE        =    169    ----
   CONSTANT SIZE    =      8    ----
   XDATA SIZE       =   ----    ----
C51 COMPILER V9.03   MAIN                                                                  02/24/2017 20:36:10 PAGE 4   

   PDATA SIZE       =   ----    ----
   DATA SIZE        =   ----    ----
   IDATA SIZE       =   ----    ----
   BIT SIZE         =   ----    ----
   EDATA SIZE       =   ----    ----
   HDATA SIZE       =   ----    ----
   XDATA CONST SIZE =   ----    ----
   FAR CONST SIZE   =   ----    ----
END OF MODULE INFORMATION.


C51 COMPILATION COMPLETE.  0 WARNING(S),  0 ERROR(S)
